{"/app/src/app.ts":{"path":"/app/src/app.ts","statementMap":{"0":{"start":{"line":2,"column":22},"end":{"line":8,"column":3}},"1":{"start":{"line":3,"column":4},"end":{"line":3,"column":33}},"2":{"start":{"line":3,"column":26},"end":{"line":3,"column":33}},"3":{"start":{"line":4,"column":4},"end":{"line":4,"column":89}},"4":{"start":{"line":4,"column":71},"end":{"line":4,"column":83}},"5":{"start":{"line":6,"column":4},"end":{"line":6,"column":33}},"6":{"start":{"line":6,"column":26},"end":{"line":6,"column":33}},"7":{"start":{"line":7,"column":4},"end":{"line":7,"column":17}},"8":{"start":{"line":9,"column":25},"end":{"line":13,"column":2}},"9":{"start":{"line":10,"column":4},"end":{"line":10,"column":72}},"10":{"start":{"line":12,"column":4},"end":{"line":12,"column":21}},"11":{"start":{"line":14,"column":19},"end":{"line":20,"column":1}},"12":{"start":{"line":15,"column":4},"end":{"line":15,"column":42}},"13":{"start":{"line":15,"column":31},"end":{"line":15,"column":42}},"14":{"start":{"line":16,"column":17},"end":{"line":16,"column":19}},"15":{"start":{"line":17,"column":4},"end":{"line":17,"column":131}},"16":{"start":{"line":17,"column":21},"end":{"line":17,"column":131}},"17":{"start":{"line":17,"column":40},"end":{"line":17,"column":131}},"18":{"start":{"line":17,"column":99},"end":{"line":17,"column":131}},"19":{"start":{"line":18,"column":4},"end":{"line":18,"column":36}},"20":{"start":{"line":19,"column":4},"end":{"line":19,"column":18}},"21":{"start":{"line":21,"column":16},"end":{"line":29,"column":1}},"22":{"start":{"line":22,"column":28},"end":{"line":22,"column":110}},"23":{"start":{"line":22,"column":91},"end":{"line":22,"column":106}},"24":{"start":{"line":23,"column":4},"end":{"line":28,"column":7}},"25":{"start":{"line":24,"column":36},"end":{"line":24,"column":97}},"26":{"start":{"line":24,"column":42},"end":{"line":24,"column":70}},"27":{"start":{"line":24,"column":85},"end":{"line":24,"column":95}},"28":{"start":{"line":25,"column":35},"end":{"line":25,"column":100}},"29":{"start":{"line":25,"column":41},"end":{"line":25,"column":73}},"30":{"start":{"line":25,"column":88},"end":{"line":25,"column":98}},"31":{"start":{"line":26,"column":32},"end":{"line":26,"column":116}},"32":{"start":{"line":27,"column":8},"end":{"line":27,"column":78}},"33":{"start":{"line":30,"column":22},"end":{"line":32,"column":1}},"34":{"start":{"line":31,"column":4},"end":{"line":31,"column":62}},"35":{"start":{"line":33,"column":0},"end":{"line":33,"column":62}},"36":{"start":{"line":34,"column":15},"end":{"line":34,"column":46}},"37":{"start":{"line":35,"column":17},"end":{"line":35,"column":63}},"38":{"start":{"line":36,"column":18},"end":{"line":36,"column":65}},"39":{"start":{"line":37,"column":17},"end":{"line":37,"column":63}},"40":{"start":{"line":38,"column":0},"end":{"line":52,"column":3}},"41":{"start":{"line":38,"column":24},"end":{"line":52,"column":2}},"42":{"start":{"line":39,"column":4},"end":{"line":51,"column":5}},"43":{"start":{"line":40,"column":8},"end":{"line":45,"column":9}},"44":{"start":{"line":41,"column":12},"end":{"line":41,"column":49}},"45":{"start":{"line":44,"column":12},"end":{"line":44,"column":44}},"46":{"start":{"line":46,"column":8},"end":{"line":46,"column":39}},"47":{"start":{"line":47,"column":8},"end":{"line":47,"column":38}},"48":{"start":{"line":50,"column":8},"end":{"line":50,"column":36}}},"fnMap":{"0":{"name":"(anonymous_0)","decl":{"start":{"line":2,"column":74},"end":{"line":2,"column":75}},"loc":{"start":{"line":2,"column":96},"end":{"line":5,"column":1}},"line":2},"1":{"name":"(anonymous_1)","decl":{"start":{"line":4,"column":58},"end":{"line":4,"column":59}},"loc":{"start":{"line":4,"column":69},"end":{"line":4,"column":85}},"line":4},"2":{"name":"(anonymous_2)","decl":{"start":{"line":5,"column":6},"end":{"line":5,"column":7}},"loc":{"start":{"line":5,"column":28},"end":{"line":8,"column":1}},"line":5},"3":{"name":"(anonymous_3)","decl":{"start":{"line":9,"column":80},"end":{"line":9,"column":81}},"loc":{"start":{"line":9,"column":95},"end":{"line":11,"column":1}},"line":9},"4":{"name":"(anonymous_4)","decl":{"start":{"line":11,"column":5},"end":{"line":11,"column":6}},"loc":{"start":{"line":11,"column":20},"end":{"line":13,"column":1}},"line":11},"5":{"name":"(anonymous_5)","decl":{"start":{"line":14,"column":50},"end":{"line":14,"column":51}},"loc":{"start":{"line":14,"column":65},"end":{"line":20,"column":1}},"line":14},"6":{"name":"(anonymous_6)","decl":{"start":{"line":21,"column":44},"end":{"line":21,"column":45}},"loc":{"start":{"line":21,"column":89},"end":{"line":29,"column":1}},"line":21},"7":{"name":"adopt","decl":{"start":{"line":22,"column":13},"end":{"line":22,"column":18}},"loc":{"start":{"line":22,"column":26},"end":{"line":22,"column":112}},"line":22},"8":{"name":"(anonymous_8)","decl":{"start":{"line":22,"column":70},"end":{"line":22,"column":71}},"loc":{"start":{"line":22,"column":89},"end":{"line":22,"column":108}},"line":22},"9":{"name":"(anonymous_9)","decl":{"start":{"line":23,"column":36},"end":{"line":23,"column":37}},"loc":{"start":{"line":23,"column":63},"end":{"line":28,"column":5}},"line":23},"10":{"name":"fulfilled","decl":{"start":{"line":24,"column":17},"end":{"line":24,"column":26}},"loc":{"start":{"line":24,"column":34},"end":{"line":24,"column":99}},"line":24},"11":{"name":"rejected","decl":{"start":{"line":25,"column":17},"end":{"line":25,"column":25}},"loc":{"start":{"line":25,"column":33},"end":{"line":25,"column":102}},"line":25},"12":{"name":"step","decl":{"start":{"line":26,"column":17},"end":{"line":26,"column":21}},"loc":{"start":{"line":26,"column":30},"end":{"line":26,"column":118}},"line":26},"13":{"name":"(anonymous_13)","decl":{"start":{"line":30,"column":56},"end":{"line":30,"column":57}},"loc":{"start":{"line":30,"column":71},"end":{"line":32,"column":1}},"line":30},"14":{"name":"(anonymous_14)","decl":{"start":{"line":38,"column":18},"end":{"line":38,"column":19}},"loc":{"start":{"line":38,"column":24},"end":{"line":52,"column":2}},"line":38},"15":{"name":"(anonymous_15)","decl":{"start":{"line":38,"column":58},"end":{"line":38,"column":59}},"loc":{"start":{"line":38,"column":71},"end":{"line":52,"column":1}},"line":38}},"branchMap":{"0":{"loc":{"start":{"line":2,"column":22},"end":{"line":8,"column":3}},"type":"binary-expr","locations":[{"start":{"line":2,"column":23},"end":{"line":2,"column":27}},{"start":{"line":2,"column":31},"end":{"line":2,"column":51}},{"start":{"line":2,"column":57},"end":{"line":8,"column":2}}],"line":2},"1":{"loc":{"start":{"line":2,"column":57},"end":{"line":8,"column":2}},"type":"cond-expr","locations":[{"start":{"line":2,"column":74},"end":{"line":5,"column":1}},{"start":{"line":5,"column":6},"end":{"line":8,"column":1}}],"line":2},"2":{"loc":{"start":{"line":3,"column":4},"end":{"line":3,"column":33}},"type":"if","locations":[{"start":{"line":3,"column":4},"end":{"line":3,"column":33}},{"start":{"line":3,"column":4},"end":{"line":3,"column":33}}],"line":3},"3":{"loc":{"start":{"line":6,"column":4},"end":{"line":6,"column":33}},"type":"if","locations":[{"start":{"line":6,"column":4},"end":{"line":6,"column":33}},{"start":{"line":6,"column":4},"end":{"line":6,"column":33}}],"line":6},"4":{"loc":{"start":{"line":9,"column":25},"end":{"line":13,"column":2}},"type":"binary-expr","locations":[{"start":{"line":9,"column":26},"end":{"line":9,"column":30}},{"start":{"line":9,"column":34},"end":{"line":9,"column":57}},{"start":{"line":9,"column":63},"end":{"line":13,"column":1}}],"line":9},"5":{"loc":{"start":{"line":9,"column":63},"end":{"line":13,"column":1}},"type":"cond-expr","locations":[{"start":{"line":9,"column":80},"end":{"line":11,"column":1}},{"start":{"line":11,"column":5},"end":{"line":13,"column":1}}],"line":9},"6":{"loc":{"start":{"line":14,"column":19},"end":{"line":20,"column":1}},"type":"binary-expr","locations":[{"start":{"line":14,"column":20},"end":{"line":14,"column":24}},{"start":{"line":14,"column":28},"end":{"line":14,"column":45}},{"start":{"line":14,"column":50},"end":{"line":20,"column":1}}],"line":14},"7":{"loc":{"start":{"line":15,"column":4},"end":{"line":15,"column":42}},"type":"if","locations":[{"start":{"line":15,"column":4},"end":{"line":15,"column":42}},{"start":{"line":15,"column":4},"end":{"line":15,"column":42}}],"line":15},"8":{"loc":{"start":{"line":15,"column":8},"end":{"line":15,"column":29}},"type":"binary-expr","locations":[{"start":{"line":15,"column":8},"end":{"line":15,"column":11}},{"start":{"line":15,"column":15},"end":{"line":15,"column":29}}],"line":15},"9":{"loc":{"start":{"line":17,"column":4},"end":{"line":17,"column":131}},"type":"if","locations":[{"start":{"line":17,"column":4},"end":{"line":17,"column":131}},{"start":{"line":17,"column":4},"end":{"line":17,"column":131}}],"line":17},"10":{"loc":{"start":{"line":17,"column":40},"end":{"line":17,"column":131}},"type":"if","locations":[{"start":{"line":17,"column":40},"end":{"line":17,"column":131}},{"start":{"line":17,"column":40},"end":{"line":17,"column":131}}],"line":17},"11":{"loc":{"start":{"line":17,"column":44},"end":{"line":17,"column":97}},"type":"binary-expr","locations":[{"start":{"line":17,"column":44},"end":{"line":17,"column":59}},{"start":{"line":17,"column":63},"end":{"line":17,"column":97}}],"line":17},"12":{"loc":{"start":{"line":21,"column":16},"end":{"line":29,"column":1}},"type":"binary-expr","locations":[{"start":{"line":21,"column":17},"end":{"line":21,"column":21}},{"start":{"line":21,"column":25},"end":{"line":21,"column":39}},{"start":{"line":21,"column":44},"end":{"line":29,"column":1}}],"line":21},"13":{"loc":{"start":{"line":22,"column":35},"end":{"line":22,"column":109}},"type":"cond-expr","locations":[{"start":{"line":22,"column":56},"end":{"line":22,"column":61}},{"start":{"line":22,"column":64},"end":{"line":22,"column":109}}],"line":22},"14":{"loc":{"start":{"line":23,"column":16},"end":{"line":23,"column":34}},"type":"binary-expr","locations":[{"start":{"line":23,"column":16},"end":{"line":23,"column":17}},{"start":{"line":23,"column":22},"end":{"line":23,"column":33}}],"line":23},"15":{"loc":{"start":{"line":26,"column":32},"end":{"line":26,"column":115}},"type":"cond-expr","locations":[{"start":{"line":26,"column":46},"end":{"line":26,"column":67}},{"start":{"line":26,"column":70},"end":{"line":26,"column":115}}],"line":26},"16":{"loc":{"start":{"line":27,"column":51},"end":{"line":27,"column":67}},"type":"binary-expr","locations":[{"start":{"line":27,"column":51},"end":{"line":27,"column":61}},{"start":{"line":27,"column":65},"end":{"line":27,"column":67}}],"line":27},"17":{"loc":{"start":{"line":30,"column":22},"end":{"line":32,"column":1}},"type":"binary-expr","locations":[{"start":{"line":30,"column":23},"end":{"line":30,"column":27}},{"start":{"line":30,"column":31},"end":{"line":30,"column":51}},{"start":{"line":30,"column":56},"end":{"line":32,"column":1}}],"line":30},"18":{"loc":{"start":{"line":31,"column":11},"end":{"line":31,"column":61}},"type":"cond-expr","locations":[{"start":{"line":31,"column":37},"end":{"line":31,"column":40}},{"start":{"line":31,"column":43},"end":{"line":31,"column":61}}],"line":31},"19":{"loc":{"start":{"line":31,"column":12},"end":{"line":31,"column":33}},"type":"binary-expr","locations":[{"start":{"line":31,"column":12},"end":{"line":31,"column":15}},{"start":{"line":31,"column":19},"end":{"line":31,"column":33}}],"line":31},"20":{"loc":{"start":{"line":40,"column":8},"end":{"line":45,"column":9}},"type":"if","locations":[{"start":{"line":40,"column":8},"end":{"line":45,"column":9}},{"start":{"line":40,"column":8},"end":{"line":45,"column":9}}],"line":40},"21":{"loc":{"start":{"line":40,"column":12},"end":{"line":40,"column":58}},"type":"binary-expr","locations":[{"start":{"line":40,"column":12},"end":{"line":40,"column":23}},{"start":{"line":40,"column":27},"end":{"line":40,"column":58}}],"line":40}},"s":{"0":1,"1":2,"2":2,"3":2,"4":1,"5":0,"6":0,"7":0,"8":1,"9":1,"10":0,"11":1,"12":1,"13":0,"14":1,"15":1,"16":1,"17":2,"18":2,"19":1,"20":1,"21":1,"22":2,"23":0,"24":1,"25":2,"26":2,"27":0,"28":0,"29":0,"30":0,"31":3,"32":1,"33":1,"34":3,"35":1,"36":1,"37":1,"38":1,"39":1,"40":1,"41":1,"42":1,"43":1,"44":1,"45":0,"46":1,"47":1,"48":0},"f":{"0":2,"1":1,"2":0,"3":1,"4":0,"5":1,"6":1,"7":2,"8":0,"9":1,"10":2,"11":0,"12":3,"13":3,"14":1,"15":1},"b":{"0":[1,1,1],"1":[1,0],"2":[2,0],"3":[0,0],"4":[1,1,1],"5":[1,0],"6":[1,1,1],"7":[0,1],"8":[1,1],"9":[1,0],"10":[2,0],"11":[2,2],"12":[1,1,1],"13":[2,0],"14":[1,1],"15":[1,2],"16":[1,1],"17":[1,1,1],"18":[3,0],"19":[3,3],"20":[1,0],"21":[1,1]},"inputSourceMap":{"version":3,"file":"/app/src/app.ts","sources":["/app/src/app.ts"],"names":[],"mappings":";;;;;;;;;;;;;;;;;;;;;;;;;;;;;;;;;AAAA,+CAAiC;AAEjC,gEAAwC;AACxC,kEAAwC;AACxC,gEAAwC;AAExC,kBAAe,GAAwB,EAAE;IACvC,IAAI;QACF,IAAI,OAAO,CAAC,GAAG,IAAI,OAAO,CAAC,GAAG,CAAC,QAAQ,KAAK,MAAM,EAAE;YAClD,MAAM,CAAC,MAAM,CAAC,EAAE,IAAI,EAAE,WAAW,EAAE,CAAC,CAAC;SACtC;aAAM;YACL,MAAM,CAAC,MAAM,CAAC,EAAE,IAAI,EAAE,MAAM,EAAE,CAAC,CAAC;SACjC;QACD,MAAM,iBAAK,CAAC,IAAI,EAAE,CAAC;QACnB,MAAM,gBAAM,CAAC,IAAI,EAAE,CAAC;KACrB;IAAC,OAAO,GAAG,EAAE;QACZ,gBAAM,CAAC,KAAK,CAAC,GAAG,CAAC,CAAC;KACnB;AACH,CAAC,CAAA,CAAC","sourcesContent":["import * as dotenv from 'dotenv';\n\nimport logger from './component/logger';\nimport mongo from './component/mongodb';\nimport server from './component/server';\n\nexport default async (): Promise<void> => {\n  try {\n    if (process.env && process.env.NODE_ENV === 'test') {\n      dotenv.config({ path: '.env.test' });\n    } else {\n      dotenv.config({ path: '.env' });\n    }\n    await mongo.init();\n    await server.init();\n  } catch (err) {\n    logger.error(err);\n  }\n};\n"]},"_coverageSchema":"1a1c01bbd47fc00a2c39e90264f33305004495a9","hash":"e1753a5a1f716fa643dab1d013fe0bb3d1500590","contentHash":"98d70a499ac373fc85ef7e415db6380f1a737b20d29df4225c7c37e0e795ba8e"},"/app/src/component/logger.ts":{"path":"/app/src/component/logger.ts","statementMap":{"0":{"start":{"line":2,"column":22},"end":{"line":4,"column":1}},"1":{"start":{"line":3,"column":4},"end":{"line":3,"column":62}},"2":{"start":{"line":5,"column":0},"end":{"line":5,"column":62}},"3":{"start":{"line":6,"column":17},"end":{"line":6,"column":51}},"4":{"start":{"line":7,"column":17},"end":{"line":7,"column":34}},"5":{"start":{"line":8,"column":18},"end":{"line":8,"column":36}},"6":{"start":{"line":9,"column":0},"end":{"line":10,"column":58}},"7":{"start":{"line":9,"column":230},"end":{"line":10,"column":1}}},"fnMap":{"0":{"name":"(anonymous_0)","decl":{"start":{"line":2,"column":56},"end":{"line":2,"column":57}},"loc":{"start":{"line":2,"column":71},"end":{"line":4,"column":1}},"line":2},"1":{"name":"(anonymous_1)","decl":{"start":{"line":9,"column":195},"end":{"line":9,"column":196}},"loc":{"start":{"line":9,"column":230},"end":{"line":10,"column":1}},"line":9}},"branchMap":{"0":{"loc":{"start":{"line":2,"column":22},"end":{"line":4,"column":1}},"type":"binary-expr","locations":[{"start":{"line":2,"column":23},"end":{"line":2,"column":27}},{"start":{"line":2,"column":31},"end":{"line":2,"column":51}},{"start":{"line":2,"column":56},"end":{"line":4,"column":1}}],"line":2},"1":{"loc":{"start":{"line":3,"column":11},"end":{"line":3,"column":61}},"type":"cond-expr","locations":[{"start":{"line":3,"column":37},"end":{"line":3,"column":40}},{"start":{"line":3,"column":43},"end":{"line":3,"column":61}}],"line":3},"2":{"loc":{"start":{"line":3,"column":12},"end":{"line":3,"column":33}},"type":"binary-expr","locations":[{"start":{"line":3,"column":12},"end":{"line":3,"column":15}},{"start":{"line":3,"column":19},"end":{"line":3,"column":33}}],"line":3},"3":{"loc":{"start":{"line":9,"column":258},"end":{"line":9,"column":329}},"type":"cond-expr","locations":[{"start":{"line":9,"column":287},"end":{"line":9,"column":319}},{"start":{"line":9,"column":322},"end":{"line":9,"column":329}}],"line":9}},"s":{"0":1,"1":1,"2":1,"3":1,"4":1,"5":1,"6":1,"7":2},"f":{"0":1,"1":2},"b":{"0":[1,1,1],"1":[0,1],"2":[1,1],"3":[0,2]},"inputSourceMap":{"version":3,"file":"/app/src/component/logger.ts","sources":["/app/src/component/logger.ts"],"names":[],"mappings":";;;;;AAAA,oDAA4B;AAC5B,mCAAkC;AAClC,qCAA2D;AAE3D,kBAAe,sBAAY,iCACtB,gBAAM,CAAC,GAAG,CAAC,QAAQ,CAAC,KACvB,MAAM,EAAE,gBAAM,CAAC,OAAO,CACpB,gBAAM,CAAC,SAAS,EAAE,EAClB,gBAAM,CAAC,MAAM,CAAC,CAAC,EAAE,KAAK,EAAE,OAAO,EAAE,SAAS,EAAE,EAAE,EAAE,CAC9C,GAAG,KAAK,MAAM,SAAS,KAAK,iBAAQ,CAAC,OAAO,CAAC,CAAC,CAAC,CAAC,IAAI,CAAC,SAAS,CAAC,OAAO,EAAE,IAAI,EAAE,CAAC,CAAC,CAAC,CAAC,CAAC,OAAO;CAC/F,CAAC,CACC,EACD,UAAU,EAAE,CAAC,IAAI,oBAAU,CAAC,OAAO,EAAE,CAAC,IACtC,CAAC","sourcesContent":["import config from 'config';\nimport { isObject } from 'lodash';\nimport { createLogger, format, transports } from 'winston';\n\nexport default createLogger({\n  ...config.get('logger'),\n  format: format.combine(\n    format.timestamp(),\n    format.printf(({ level, message, timestamp }) =>\n      `${level}: [${timestamp}] ${isObject(message) ? JSON.stringify(message, null, 2) : message}\n`),\n  ),\n  transports: [new transports.Console()],\n});\n"]},"_coverageSchema":"1a1c01bbd47fc00a2c39e90264f33305004495a9","hash":"a9526cfca3253eceb38cc0adf26d634aa0e8e203","contentHash":"d1ad586f1eb471dea7d63e78c1344149d1b83df15f5a8e2b3b6ffaf199ba5d58"},"/app/src/component/mongodb.ts":{"path":"/app/src/component/mongodb.ts","statementMap":{"0":{"start":{"line":2,"column":16},"end":{"line":10,"column":1}},"1":{"start":{"line":3,"column":28},"end":{"line":3,"column":110}},"2":{"start":{"line":3,"column":91},"end":{"line":3,"column":106}},"3":{"start":{"line":4,"column":4},"end":{"line":9,"column":7}},"4":{"start":{"line":5,"column":36},"end":{"line":5,"column":97}},"5":{"start":{"line":5,"column":42},"end":{"line":5,"column":70}},"6":{"start":{"line":5,"column":85},"end":{"line":5,"column":95}},"7":{"start":{"line":6,"column":35},"end":{"line":6,"column":100}},"8":{"start":{"line":6,"column":41},"end":{"line":6,"column":73}},"9":{"start":{"line":6,"column":88},"end":{"line":6,"column":98}},"10":{"start":{"line":7,"column":32},"end":{"line":7,"column":116}},"11":{"start":{"line":8,"column":8},"end":{"line":8,"column":78}},"12":{"start":{"line":11,"column":22},"end":{"line":13,"column":1}},"13":{"start":{"line":12,"column":4},"end":{"line":12,"column":62}},"14":{"start":{"line":14,"column":0},"end":{"line":14,"column":62}},"15":{"start":{"line":15,"column":17},"end":{"line":15,"column":51}},"16":{"start":{"line":16,"column":13},"end":{"line":16,"column":43}},"17":{"start":{"line":17,"column":19},"end":{"line":17,"column":38}},"18":{"start":{"line":18,"column":15},"end":{"line":18,"column":47}},"19":{"start":{"line":19,"column":17},"end":{"line":19,"column":53}},"20":{"start":{"line":22,"column":8},"end":{"line":22,"column":30}},"21":{"start":{"line":25,"column":8},"end":{"line":29,"column":11}},"22":{"start":{"line":26,"column":12},"end":{"line":26,"column":133}},"23":{"start":{"line":27,"column":12},"end":{"line":27,"column":27}},"24":{"start":{"line":28,"column":12},"end":{"line":28,"column":53}},"25":{"start":{"line":32,"column":20},"end":{"line":32,"column":91}},"26":{"start":{"line":33,"column":8},"end":{"line":44,"column":15}},"27":{"start":{"line":34,"column":29},"end":{"line":34,"column":57}},"28":{"start":{"line":35,"column":12},"end":{"line":43,"column":13}},"29":{"start":{"line":36,"column":31},"end":{"line":36,"column":56}},"30":{"start":{"line":37,"column":16},"end":{"line":37,"column":84}},"31":{"start":{"line":40,"column":16},"end":{"line":42,"column":17}},"32":{"start":{"line":41,"column":20},"end":{"line":41,"column":28}},"33":{"start":{"line":47,"column":0},"end":{"line":47,"column":30}}},"fnMap":{"0":{"name":"(anonymous_0)","decl":{"start":{"line":2,"column":44},"end":{"line":2,"column":45}},"loc":{"start":{"line":2,"column":89},"end":{"line":10,"column":1}},"line":2},"1":{"name":"adopt","decl":{"start":{"line":3,"column":13},"end":{"line":3,"column":18}},"loc":{"start":{"line":3,"column":26},"end":{"line":3,"column":112}},"line":3},"2":{"name":"(anonymous_2)","decl":{"start":{"line":3,"column":70},"end":{"line":3,"column":71}},"loc":{"start":{"line":3,"column":89},"end":{"line":3,"column":108}},"line":3},"3":{"name":"(anonymous_3)","decl":{"start":{"line":4,"column":36},"end":{"line":4,"column":37}},"loc":{"start":{"line":4,"column":63},"end":{"line":9,"column":5}},"line":4},"4":{"name":"fulfilled","decl":{"start":{"line":5,"column":17},"end":{"line":5,"column":26}},"loc":{"start":{"line":5,"column":34},"end":{"line":5,"column":99}},"line":5},"5":{"name":"rejected","decl":{"start":{"line":6,"column":17},"end":{"line":6,"column":25}},"loc":{"start":{"line":6,"column":33},"end":{"line":6,"column":102}},"line":6},"6":{"name":"step","decl":{"start":{"line":7,"column":17},"end":{"line":7,"column":21}},"loc":{"start":{"line":7,"column":30},"end":{"line":7,"column":118}},"line":7},"7":{"name":"(anonymous_7)","decl":{"start":{"line":11,"column":56},"end":{"line":11,"column":57}},"loc":{"start":{"line":11,"column":71},"end":{"line":13,"column":1}},"line":11},"8":{"name":"(anonymous_8)","decl":{"start":{"line":21,"column":4},"end":{"line":21,"column":5}},"loc":{"start":{"line":21,"column":18},"end":{"line":23,"column":5}},"line":21},"9":{"name":"(anonymous_9)","decl":{"start":{"line":24,"column":4},"end":{"line":24,"column":5}},"loc":{"start":{"line":24,"column":11},"end":{"line":30,"column":5}},"line":24},"10":{"name":"(anonymous_10)","decl":{"start":{"line":25,"column":47},"end":{"line":25,"column":48}},"loc":{"start":{"line":25,"column":60},"end":{"line":29,"column":9}},"line":25},"11":{"name":"(anonymous_11)","decl":{"start":{"line":31,"column":4},"end":{"line":31,"column":5}},"loc":{"start":{"line":31,"column":14},"end":{"line":45,"column":5}},"line":31},"12":{"name":"(anonymous_12)","decl":{"start":{"line":33,"column":38},"end":{"line":33,"column":39}},"loc":{"start":{"line":33,"column":56},"end":{"line":44,"column":9}},"line":33}},"branchMap":{"0":{"loc":{"start":{"line":2,"column":16},"end":{"line":10,"column":1}},"type":"binary-expr","locations":[{"start":{"line":2,"column":17},"end":{"line":2,"column":21}},{"start":{"line":2,"column":25},"end":{"line":2,"column":39}},{"start":{"line":2,"column":44},"end":{"line":10,"column":1}}],"line":2},"1":{"loc":{"start":{"line":3,"column":35},"end":{"line":3,"column":109}},"type":"cond-expr","locations":[{"start":{"line":3,"column":56},"end":{"line":3,"column":61}},{"start":{"line":3,"column":64},"end":{"line":3,"column":109}}],"line":3},"2":{"loc":{"start":{"line":4,"column":16},"end":{"line":4,"column":34}},"type":"binary-expr","locations":[{"start":{"line":4,"column":16},"end":{"line":4,"column":17}},{"start":{"line":4,"column":22},"end":{"line":4,"column":33}}],"line":4},"3":{"loc":{"start":{"line":7,"column":32},"end":{"line":7,"column":115}},"type":"cond-expr","locations":[{"start":{"line":7,"column":46},"end":{"line":7,"column":67}},{"start":{"line":7,"column":70},"end":{"line":7,"column":115}}],"line":7},"4":{"loc":{"start":{"line":8,"column":51},"end":{"line":8,"column":67}},"type":"binary-expr","locations":[{"start":{"line":8,"column":51},"end":{"line":8,"column":61}},{"start":{"line":8,"column":65},"end":{"line":8,"column":67}}],"line":8},"5":{"loc":{"start":{"line":11,"column":22},"end":{"line":13,"column":1}},"type":"binary-expr","locations":[{"start":{"line":11,"column":23},"end":{"line":11,"column":27}},{"start":{"line":11,"column":31},"end":{"line":11,"column":51}},{"start":{"line":11,"column":56},"end":{"line":13,"column":1}}],"line":11},"6":{"loc":{"start":{"line":12,"column":11},"end":{"line":12,"column":61}},"type":"cond-expr","locations":[{"start":{"line":12,"column":37},"end":{"line":12,"column":40}},{"start":{"line":12,"column":43},"end":{"line":12,"column":61}}],"line":12},"7":{"loc":{"start":{"line":12,"column":12},"end":{"line":12,"column":33}},"type":"binary-expr","locations":[{"start":{"line":12,"column":12},"end":{"line":12,"column":15}},{"start":{"line":12,"column":19},"end":{"line":12,"column":33}}],"line":12},"8":{"loc":{"start":{"line":40,"column":16},"end":{"line":42,"column":17}},"type":"if","locations":[{"start":{"line":40,"column":16},"end":{"line":42,"column":17}},{"start":{"line":40,"column":16},"end":{"line":42,"column":17}}],"line":40}},"s":{"0":1,"1":1,"2":0,"3":1,"4":1,"5":1,"6":0,"7":0,"8":0,"9":0,"10":2,"11":1,"12":1,"13":4,"14":1,"15":1,"16":1,"17":1,"18":1,"19":1,"20":1,"21":1,"22":1,"23":1,"24":1,"25":1,"26":1,"27":4,"28":4,"29":4,"30":4,"31":0,"32":0,"33":1},"f":{"0":1,"1":1,"2":0,"3":1,"4":1,"5":0,"6":2,"7":4,"8":1,"9":1,"10":1,"11":1,"12":4},"b":{"0":[1,1,1],"1":[1,0],"2":[1,1],"3":[1,1],"4":[1,1],"5":[1,1,1],"6":[1,3],"7":[4,4],"8":[0,0]},"inputSourceMap":{"version":3,"file":"/app/src/component/mongodb.ts","sources":["/app/src/component/mongodb.ts"],"names":[],"mappings":";;;;;;;;;;;;;;AAAA,oDAA4B;AAC5B,4CAAoB;AACpB,uCAA2C;AAC3C,gDAAwB;AACxB,sDAA8B;AAM9B,MAAM,KAAK;IAAX;QACS,gBAAW,GAAgB,EAAE,CAAC;IA2BvC,CAAC;IAzBc,IAAI;;YACf,MAAM,kBAAO,CAAC,aAAa,OAAO,CAAC,GAAG,CAAC,UAAU,IAAI,OAAO,CAAC,GAAG,CAAC,UAAU,EAAE,EAAE,gBAAM,CAAC,GAAG,CAAC,OAAO,CAAC,CAAC,CAAC;YACpG,IAAI,CAAC,OAAO,EAAE,CAAC;YACf,gBAAM,CAAC,IAAI,CAAC,iBAAiB,CAAC,CAAC;QACjC,CAAC;KAAA;IAEO,OAAO;QACb,MAAM,GAAG,GAAG,YAAE,CAAC,WAAW,CAAC,cAAI,CAAC,IAAI,CAAC,SAAS,EAAE,aAAa,CAAC,CAAC,CAAC;QAEhE,IAAI,CAAC,WAAW,GAAG,GAAG,CAAC,MAAM,CAAC,CAAC,MAAM,EAAE,IAAI,EAAE,EAAE;YAC7C,MAAM,QAAQ,GAAG,eAAe,IAAI,SAAS,CAAC;YAE9C,IAAI;gBACF,MAAM,MAAM,GAAW,OAAO,CAAC,QAAQ,CAAC,CAAC,OAAO,CAAC;gBACjD,uCACK,MAAM,KACT,CAAC,IAAI,CAAC,EAAE,MAAM,IACd;aACH;YAAC,OAAO,CAAC,EAAE;gBACV,IAAI,CAAC,CAAC,IAAI,KAAK,kBAAkB,EAAE;oBACjC,MAAM,CAAC,CAAC;iBACT;aACF;QACH,CAAC,EAAE,EAAE,CAAC,CAAC;IACT,CAAC;CACF;AAED,kBAAe,IAAI,KAAK,EAAE,CAAC","sourcesContent":["import config from 'config';\nimport fs from 'fs';\nimport { connect, Schema } from 'mongoose';\nimport path from 'path';\nimport logger from './logger';\n\nexport interface Collections {\n  [key: string]: object;\n}\n\nclass Mongo {\n  public collections: Collections = {};\n\n  public async init(): Promise<void> {\n    await connect(`mongodb://${process.env.MONGO_HOST}:${process.env.MONGO_PORT}`, config.get('mongo'));\n    this.crawler();\n    logger.info('Mongo connected');\n  }\n\n  private crawler(): void {\n    const res = fs.readdirSync(path.join(__dirname, '../entities'));\n\n    this.collections = res.reduce((models, item) => {\n      const pathFile = `../entities/${item}/schema`;\n\n      try {\n        const schema: Schema = require(pathFile).default;\n        return{\n          ...models,\n          [item]: schema,\n        };\n      } catch (e) {\n        if (e.code !== 'MODULE_NOT_FOUND') {\n          throw e;\n        }\n      }\n    }, {});\n  }\n}\n\nexport default new Mongo();\n"]},"_coverageSchema":"1a1c01bbd47fc00a2c39e90264f33305004495a9","hash":"57062da584193e3947a4529676123def1d0bfd9b","contentHash":"62d49ec5084127bc29568303ea0e2f5dd11c015986de704452084d56ac8f382a"},"/app/src/component/server.ts":{"path":"/app/src/component/server.ts","statementMap":{"0":{"start":{"line":2,"column":16},"end":{"line":10,"column":1}},"1":{"start":{"line":3,"column":28},"end":{"line":3,"column":110}},"2":{"start":{"line":3,"column":91},"end":{"line":3,"column":106}},"3":{"start":{"line":4,"column":4},"end":{"line":9,"column":7}},"4":{"start":{"line":5,"column":36},"end":{"line":5,"column":97}},"5":{"start":{"line":5,"column":42},"end":{"line":5,"column":70}},"6":{"start":{"line":5,"column":85},"end":{"line":5,"column":95}},"7":{"start":{"line":6,"column":35},"end":{"line":6,"column":100}},"8":{"start":{"line":6,"column":41},"end":{"line":6,"column":73}},"9":{"start":{"line":6,"column":88},"end":{"line":6,"column":98}},"10":{"start":{"line":7,"column":32},"end":{"line":7,"column":116}},"11":{"start":{"line":8,"column":8},"end":{"line":8,"column":78}},"12":{"start":{"line":11,"column":22},"end":{"line":13,"column":1}},"13":{"start":{"line":12,"column":4},"end":{"line":12,"column":62}},"14":{"start":{"line":14,"column":0},"end":{"line":14,"column":62}},"15":{"start":{"line":15,"column":22},"end":{"line":15,"column":61}},"16":{"start":{"line":16,"column":17},"end":{"line":16,"column":51}},"17":{"start":{"line":17,"column":15},"end":{"line":17,"column":47}},"18":{"start":{"line":18,"column":18},"end":{"line":18,"column":53}},"19":{"start":{"line":19,"column":13},"end":{"line":19,"column":43}},"20":{"start":{"line":20,"column":13},"end":{"line":20,"column":43}},"21":{"start":{"line":21,"column":15},"end":{"line":21,"column":47}},"22":{"start":{"line":22,"column":24},"end":{"line":22,"column":67}},"23":{"start":{"line":23,"column":17},"end":{"line":23,"column":53}},"24":{"start":{"line":26,"column":8},"end":{"line":46,"column":11}},"25":{"start":{"line":27,"column":12},"end":{"line":27,"column":43}},"26":{"start":{"line":28,"column":12},"end":{"line":28,"column":174}},"27":{"start":{"line":29,"column":12},"end":{"line":29,"column":55}},"28":{"start":{"line":30,"column":12},"end":{"line":30,"column":87}},"29":{"start":{"line":31,"column":12},"end":{"line":31,"column":27}},"30":{"start":{"line":32,"column":12},"end":{"line":42,"column":15}},"31":{"start":{"line":33,"column":28},"end":{"line":33,"column":31}},"32":{"start":{"line":34,"column":16},"end":{"line":36,"column":17}},"33":{"start":{"line":35,"column":20},"end":{"line":35,"column":77}},"34":{"start":{"line":37,"column":16},"end":{"line":39,"column":17}},"35":{"start":{"line":38,"column":20},"end":{"line":38,"column":73}},"36":{"start":{"line":40,"column":16},"end":{"line":40,"column":44}},"37":{"start":{"line":41,"column":16},"end":{"line":41,"column":49}},"38":{"start":{"line":43,"column":12},"end":{"line":45,"column":15}},"39":{"start":{"line":44,"column":16},"end":{"line":44,"column":115}},"40":{"start":{"line":49,"column":20},"end":{"line":49,"column":91}},"41":{"start":{"line":50,"column":8},"end":{"line":61,"column":11}},"42":{"start":{"line":51,"column":29},"end":{"line":51,"column":56}},"43":{"start":{"line":52,"column":12},"end":{"line":60,"column":13}},"44":{"start":{"line":53,"column":51},"end":{"line":53,"column":76}},"45":{"start":{"line":54,"column":16},"end":{"line":54,"column":52}},"46":{"start":{"line":57,"column":16},"end":{"line":59,"column":17}},"47":{"start":{"line":58,"column":20},"end":{"line":58,"column":28}},"48":{"start":{"line":64,"column":0},"end":{"line":64,"column":31}}},"fnMap":{"0":{"name":"(anonymous_0)","decl":{"start":{"line":2,"column":44},"end":{"line":2,"column":45}},"loc":{"start":{"line":2,"column":89},"end":{"line":10,"column":1}},"line":2},"1":{"name":"adopt","decl":{"start":{"line":3,"column":13},"end":{"line":3,"column":18}},"loc":{"start":{"line":3,"column":26},"end":{"line":3,"column":112}},"line":3},"2":{"name":"(anonymous_2)","decl":{"start":{"line":3,"column":70},"end":{"line":3,"column":71}},"loc":{"start":{"line":3,"column":89},"end":{"line":3,"column":108}},"line":3},"3":{"name":"(anonymous_3)","decl":{"start":{"line":4,"column":36},"end":{"line":4,"column":37}},"loc":{"start":{"line":4,"column":63},"end":{"line":9,"column":5}},"line":4},"4":{"name":"fulfilled","decl":{"start":{"line":5,"column":17},"end":{"line":5,"column":26}},"loc":{"start":{"line":5,"column":34},"end":{"line":5,"column":99}},"line":5},"5":{"name":"rejected","decl":{"start":{"line":6,"column":17},"end":{"line":6,"column":25}},"loc":{"start":{"line":6,"column":33},"end":{"line":6,"column":102}},"line":6},"6":{"name":"step","decl":{"start":{"line":7,"column":17},"end":{"line":7,"column":21}},"loc":{"start":{"line":7,"column":30},"end":{"line":7,"column":118}},"line":7},"7":{"name":"(anonymous_7)","decl":{"start":{"line":11,"column":56},"end":{"line":11,"column":57}},"loc":{"start":{"line":11,"column":71},"end":{"line":13,"column":1}},"line":11},"8":{"name":"(anonymous_8)","decl":{"start":{"line":25,"column":4},"end":{"line":25,"column":5}},"loc":{"start":{"line":25,"column":11},"end":{"line":47,"column":5}},"line":25},"9":{"name":"(anonymous_9)","decl":{"start":{"line":26,"column":47},"end":{"line":26,"column":48}},"loc":{"start":{"line":26,"column":60},"end":{"line":46,"column":9}},"line":26},"10":{"name":"(anonymous_10)","decl":{"start":{"line":32,"column":25},"end":{"line":32,"column":26}},"loc":{"start":{"line":32,"column":50},"end":{"line":42,"column":13}},"line":32},"11":{"name":"(anonymous_11)","decl":{"start":{"line":43,"column":65},"end":{"line":43,"column":66}},"loc":{"start":{"line":43,"column":71},"end":{"line":45,"column":13}},"line":43},"12":{"name":"(anonymous_12)","decl":{"start":{"line":48,"column":4},"end":{"line":48,"column":5}},"loc":{"start":{"line":48,"column":14},"end":{"line":62,"column":5}},"line":48},"13":{"name":"(anonymous_13)","decl":{"start":{"line":50,"column":16},"end":{"line":50,"column":17}},"loc":{"start":{"line":50,"column":26},"end":{"line":61,"column":9}},"line":50}},"branchMap":{"0":{"loc":{"start":{"line":2,"column":16},"end":{"line":10,"column":1}},"type":"binary-expr","locations":[{"start":{"line":2,"column":17},"end":{"line":2,"column":21}},{"start":{"line":2,"column":25},"end":{"line":2,"column":39}},{"start":{"line":2,"column":44},"end":{"line":10,"column":1}}],"line":2},"1":{"loc":{"start":{"line":3,"column":35},"end":{"line":3,"column":109}},"type":"cond-expr","locations":[{"start":{"line":3,"column":56},"end":{"line":3,"column":61}},{"start":{"line":3,"column":64},"end":{"line":3,"column":109}}],"line":3},"2":{"loc":{"start":{"line":4,"column":16},"end":{"line":4,"column":34}},"type":"binary-expr","locations":[{"start":{"line":4,"column":16},"end":{"line":4,"column":17}},{"start":{"line":4,"column":22},"end":{"line":4,"column":33}}],"line":4},"3":{"loc":{"start":{"line":7,"column":32},"end":{"line":7,"column":115}},"type":"cond-expr","locations":[{"start":{"line":7,"column":46},"end":{"line":7,"column":67}},{"start":{"line":7,"column":70},"end":{"line":7,"column":115}}],"line":7},"4":{"loc":{"start":{"line":8,"column":51},"end":{"line":8,"column":67}},"type":"binary-expr","locations":[{"start":{"line":8,"column":51},"end":{"line":8,"column":61}},{"start":{"line":8,"column":65},"end":{"line":8,"column":67}}],"line":8},"5":{"loc":{"start":{"line":11,"column":22},"end":{"line":13,"column":1}},"type":"binary-expr","locations":[{"start":{"line":11,"column":23},"end":{"line":11,"column":27}},{"start":{"line":11,"column":31},"end":{"line":11,"column":51}},{"start":{"line":11,"column":56},"end":{"line":13,"column":1}}],"line":11},"6":{"loc":{"start":{"line":12,"column":11},"end":{"line":12,"column":61}},"type":"cond-expr","locations":[{"start":{"line":12,"column":37},"end":{"line":12,"column":40}},{"start":{"line":12,"column":43},"end":{"line":12,"column":61}}],"line":12},"7":{"loc":{"start":{"line":12,"column":12},"end":{"line":12,"column":33}},"type":"binary-expr","locations":[{"start":{"line":12,"column":12},"end":{"line":12,"column":15}},{"start":{"line":12,"column":19},"end":{"line":12,"column":33}}],"line":12},"8":{"loc":{"start":{"line":34,"column":16},"end":{"line":36,"column":17}},"type":"if","locations":[{"start":{"line":34,"column":16},"end":{"line":36,"column":17}},{"start":{"line":34,"column":16},"end":{"line":36,"column":17}}],"line":34},"9":{"loc":{"start":{"line":37,"column":16},"end":{"line":39,"column":17}},"type":"if","locations":[{"start":{"line":37,"column":16},"end":{"line":39,"column":17}},{"start":{"line":37,"column":16},"end":{"line":39,"column":17}}],"line":37},"10":{"loc":{"start":{"line":53,"column":24},"end":{"line":53,"column":38}},"type":"default-arg","locations":[{"start":{"line":53,"column":34},"end":{"line":53,"column":38}}],"line":53},"11":{"loc":{"start":{"line":57,"column":16},"end":{"line":59,"column":17}},"type":"if","locations":[{"start":{"line":57,"column":16},"end":{"line":59,"column":17}},{"start":{"line":57,"column":16},"end":{"line":59,"column":17}}],"line":57}},"s":{"0":1,"1":0,"2":0,"3":1,"4":0,"5":0,"6":0,"7":0,"8":0,"9":0,"10":1,"11":1,"12":1,"13":9,"14":1,"15":1,"16":1,"17":1,"18":1,"19":1,"20":1,"21":1,"22":1,"23":1,"24":1,"25":1,"26":1,"27":1,"28":1,"29":1,"30":1,"31":56,"32":56,"33":0,"34":56,"35":56,"36":0,"37":0,"38":1,"39":1,"40":1,"41":1,"42":4,"43":4,"44":4,"45":3,"46":1,"47":0,"48":1},"f":{"0":1,"1":0,"2":0,"3":1,"4":0,"5":0,"6":1,"7":9,"8":1,"9":1,"10":56,"11":1,"12":1,"13":4},"b":{"0":[1,1,1],"1":[0,0],"2":[1,1],"3":[1,0],"4":[1,1],"5":[1,1,1],"6":[2,7],"7":[9,9],"8":[0,56],"9":[56,0],"10":[0],"11":[0,1]},"inputSourceMap":{"version":3,"file":"/app/src/component/server.ts","sources":["/app/src/component/server.ts"],"names":[],"mappings":";;;;;;;;;;;;;;AAAA,8DAAqC;AACrC,oDAA4B;AAC5B,gDAAwB;AACxB,sDAAmD;AACnD,4CAAoB;AACpB,4CAAoB;AACpB,gDAAwB;AAExB,oEAA4C;AAC5C,sDAA8B;AAO9B,MAAM,MAAM;IAGG,IAAI;;YACf,IAAI,CAAC,GAAG,GAAG,iBAAO,EAAE,CAAC;YACrB,IAAI,CAAC,GAAG,CAAC,GAAG,CAAC,qBAAU,CAAC,UAAU,iCAC7B,gBAAM,CAAC,GAAG,CAAC,mBAAmB,CAAC,KAClC,SAAS,EAAE,YAAE,CAAC,MAAM,EAAE,IACtB,CAAC,CAAC;YACJ,IAAI,CAAC,GAAG,CAAC,GAAG,CAAC,qBAAU,CAAC,IAAI,EAAE,CAAC,CAAC;YAEhC,IAAI,CAAC,GAAG,CAAC,OAAO,CAAC,GAAG,EAAE,cAAI,CAAC,gBAAM,CAAC,GAAG,CAAC,aAAa,CAAC,CAAC,CAAC,CAAC;YAEvD,IAAI,CAAC,OAAO,EAAE,CAAC;YAEf,IAAI,CAAC,GAAG,CAAC,GAAG,CAAC,CAAC,GAAG,EAAE,GAAG,EAAE,GAAG,EAAE,IAAI,EAAE,EAAE;gBACnC,IAAI,KAAK,GAAG,GAAG,CAAC;gBAEhB,IAAI,KAAK,YAAY,KAAK,EAAE;oBAC1B,KAAK,GAAG,uBAAa,CAAC,IAAI,CAAC,GAAG,EAAE,GAAG,EAAE,QAAQ,CAAC,CAAC;iBAChD;gBAED,IAAI,KAAK,YAAY,uBAAa,EAAE;oBAClC,OAAO,GAAG,CAAC,MAAM,CAAC,KAAK,CAAC,UAAU,CAAC,CAAC,IAAI,CAAC,KAAK,CAAC,IAAI,CAAC,CAAC;iBACtD;gBAED,gBAAM,CAAC,KAAK,CAAC,GAAG,CAAC,CAAC;gBAClB,OAAO,GAAG,CAAC,MAAM,CAAC,GAAG,CAAC,CAAC,IAAI,CAAC,GAAG,CAAC,CAAC;YACnC,CAAC,CAAC,CAAC;YAEH,IAAI,CAAC,GAAG,CAAC,MAAM,CAAC,gBAAM,CAAC,GAAG,CAAC,aAAa,CAAC,EAAE,GAAG,EAAE;gBAC9C,gBAAM,CAAC,IAAI,CAAC,sCAAsC,gBAAM,CAAC,GAAG,CAAC,aAAa,CAAC,EAAE,CAAC,CAAC;YACjF,CAAC,CAAC,CAAC;QACL,CAAC;KAAA;IAEO,OAAO;QACb,MAAM,GAAG,GAAG,YAAE,CAAC,WAAW,CAAC,cAAI,CAAC,IAAI,CAAC,SAAS,EAAE,aAAa,CAAC,CAAC,CAAC;QAEhE,GAAG,CAAC,GAAG,CAAC,CAAC,IAAI,EAAE,EAAE;YACf,MAAM,QAAQ,GAAG,eAAe,IAAI,QAAQ,CAAC;YAE7C,IAAI;gBACF,MAAM,EAAE,OAAO,GAAG,IAAI,EAAE,MAAM,EAAE,GAAU,OAAO,CAAC,QAAQ,CAAC,CAAC,OAAO,CAAC;gBACpE,IAAI,CAAC,GAAG,CAAC,GAAG,CAAC,IAAI,OAAO,EAAE,EAAE,MAAM,CAAC,CAAC;aACrC;YAAC,OAAO,CAAC,EAAE;gBACV,IAAI,CAAC,CAAC,IAAI,KAAK,kBAAkB,EAAE;oBACjC,MAAM,CAAC,CAAC;iBACT;aACF;QACH,CAAC,CAAC,CAAC;IACL,CAAC;CACF;AAED,kBAAe,IAAI,MAAM,EAAE,CAAC","sourcesContent":["import bodyParser from 'body-parser';\nimport config from 'config';\nimport cors from 'cors';\nimport express, { Express, Router } from 'express';\nimport fs from 'fs';\nimport os from 'os';\nimport path from 'path';\n\nimport ErrorsHandler from './ErrorsHandler';\nimport logger from './logger';\n\nexport interface Route {\n  version: string;\n  router: Router;\n}\n\nclass Server {\n  public app: Express;\n\n  public async init(): Promise<void> {\n    this.app = express();\n    this.app.use(bodyParser.urlencoded({\n      ...config.get('server.bodyParser'),\n      uploadDir: os.tmpdir(),\n    }));\n    this.app.use(bodyParser.json());\n\n    this.app.options('*', cors(config.get('server.cors')));\n\n    this.crawler();\n\n    this.app.use((err, req, res, next) => {\n      let error = err;\n\n      if (error instanceof Error) {\n        error = ErrorsHandler.make(err, 500, 'system');\n      }\n\n      if (error instanceof ErrorsHandler) {\n        return res.status(error.statusCode).send(error.data);\n      }\n\n      logger.error(err);\n      return res.status(500).send(err);\n    });\n\n    this.app.listen(config.get('server.port'), () => {\n      logger.info(`Server started at http://localhost:${config.get('server.port')}`);\n    });\n  }\n\n  private crawler(): void {\n    const res = fs.readdirSync(path.join(__dirname, '../entities'));\n\n    res.map((item) => {\n      const pathFile = `../entities/${item}/route`;\n\n      try {\n        const { version = 'v1', router }: Route = require(pathFile).default;\n        this.app.use(`/${version}`, router);\n      } catch (e) {\n        if (e.code !== 'MODULE_NOT_FOUND') {\n          throw e;\n        }\n      }\n    });\n  }\n}\n\nexport default new Server();\n"]},"_coverageSchema":"1a1c01bbd47fc00a2c39e90264f33305004495a9","hash":"315a25caee752482d2b8999d27cdcf1b372b64c6","contentHash":"d16e5c0aa5aaee6377b7578342a6f1242dde614a3f420450239fc54bd53891bb"},"/app/src/component/ErrorsHandler.ts":{"path":"/app/src/component/ErrorsHandler.ts","statementMap":{"0":{"start":{"line":2,"column":0},"end":{"line":2,"column":62}},"1":{"start":{"line":3,"column":17},"end":{"line":3,"column":34}},"2":{"start":{"line":4,"column":20},"end":{"line":22,"column":1}},"3":{"start":{"line":5,"column":4},"end":{"line":10,"column":5}},"4":{"start":{"line":6,"column":8},"end":{"line":9,"column":10}},"5":{"start":{"line":11,"column":4},"end":{"line":15,"column":5}},"6":{"start":{"line":12,"column":8},"end":{"line":14,"column":10}},"7":{"start":{"line":16,"column":4},"end":{"line":21,"column":5}},"8":{"start":{"line":17,"column":8},"end":{"line":17,"column":20}},"9":{"start":{"line":20,"column":8},"end":{"line":20,"column":76}},"10":{"start":{"line":25,"column":8},"end":{"line":25,"column":25}},"11":{"start":{"line":26,"column":8},"end":{"line":26,"column":25}},"12":{"start":{"line":27,"column":8},"end":{"line":27,"column":37}},"13":{"start":{"line":31,"column":8},"end":{"line":36,"column":9}},"14":{"start":{"line":32,"column":12},"end":{"line":32,"column":59}},"15":{"start":{"line":32,"column":40},"end":{"line":32,"column":57}},"16":{"start":{"line":35,"column":12},"end":{"line":35,"column":41}},"17":{"start":{"line":37,"column":8},"end":{"line":37,"column":61}},"18":{"start":{"line":40,"column":8},"end":{"line":40,"column":59}},"19":{"start":{"line":43,"column":0},"end":{"line":43,"column":32}}},"fnMap":{"0":{"name":"(anonymous_0)","decl":{"start":{"line":4,"column":20},"end":{"line":4,"column":21}},"loc":{"start":{"line":4,"column":30},"end":{"line":22,"column":1}},"line":4},"1":{"name":"(anonymous_1)","decl":{"start":{"line":24,"column":4},"end":{"line":24,"column":5}},"loc":{"start":{"line":24,"column":66},"end":{"line":28,"column":5}},"line":24},"2":{"name":"(anonymous_2)","decl":{"start":{"line":29,"column":4},"end":{"line":29,"column":5}},"loc":{"start":{"line":29,"column":59},"end":{"line":38,"column":5}},"line":29},"3":{"name":"(anonymous_3)","decl":{"start":{"line":32,"column":30},"end":{"line":32,"column":31}},"loc":{"start":{"line":32,"column":40},"end":{"line":32,"column":57}},"line":32},"4":{"name":"(anonymous_4)","decl":{"start":{"line":39,"column":4},"end":{"line":39,"column":5}},"loc":{"start":{"line":39,"column":60},"end":{"line":41,"column":5}},"line":39}},"branchMap":{"0":{"loc":{"start":{"line":5,"column":4},"end":{"line":10,"column":5}},"type":"if","locations":[{"start":{"line":5,"column":4},"end":{"line":10,"column":5}},{"start":{"line":5,"column":4},"end":{"line":10,"column":5}}],"line":5},"1":{"loc":{"start":{"line":11,"column":4},"end":{"line":15,"column":5}},"type":"if","locations":[{"start":{"line":11,"column":4},"end":{"line":15,"column":5}},{"start":{"line":11,"column":4},"end":{"line":15,"column":5}}],"line":11},"2":{"loc":{"start":{"line":16,"column":4},"end":{"line":21,"column":5}},"type":"if","locations":[{"start":{"line":16,"column":4},"end":{"line":21,"column":5}},{"start":{"line":16,"column":4},"end":{"line":21,"column":5}}],"line":16},"3":{"loc":{"start":{"line":24,"column":22},"end":{"line":24,"column":64}},"type":"default-arg","locations":[{"start":{"line":24,"column":62},"end":{"line":24,"column":64}}],"line":24},"4":{"loc":{"start":{"line":24,"column":24},"end":{"line":24,"column":40}},"type":"default-arg","locations":[{"start":{"line":24,"column":37},"end":{"line":24,"column":40}}],"line":24},"5":{"loc":{"start":{"line":24,"column":42},"end":{"line":24,"column":57}},"type":"default-arg","locations":[{"start":{"line":24,"column":49},"end":{"line":24,"column":57}}],"line":24},"6":{"loc":{"start":{"line":29,"column":24},"end":{"line":29,"column":40}},"type":"default-arg","locations":[{"start":{"line":29,"column":37},"end":{"line":29,"column":40}}],"line":29},"7":{"loc":{"start":{"line":29,"column":42},"end":{"line":29,"column":57}},"type":"default-arg","locations":[{"start":{"line":29,"column":49},"end":{"line":29,"column":57}}],"line":29},"8":{"loc":{"start":{"line":31,"column":8},"end":{"line":36,"column":9}},"type":"if","locations":[{"start":{"line":31,"column":8},"end":{"line":36,"column":9}},{"start":{"line":31,"column":8},"end":{"line":36,"column":9}}],"line":31},"9":{"loc":{"start":{"line":39,"column":25},"end":{"line":39,"column":41}},"type":"default-arg","locations":[{"start":{"line":39,"column":38},"end":{"line":39,"column":41}}],"line":39},"10":{"loc":{"start":{"line":39,"column":43},"end":{"line":39,"column":58}},"type":"default-arg","locations":[{"start":{"line":39,"column":50},"end":{"line":39,"column":58}}],"line":39}},"s":{"0":1,"1":1,"2":1,"3":71,"4":0,"5":71,"6":0,"7":71,"8":71,"9":0,"10":56,"11":56,"12":56,"13":56,"14":55,"15":70,"16":1,"17":56,"18":1,"19":1},"f":{"0":71,"1":56,"2":56,"3":70,"4":1},"b":{"0":[0,71],"1":[0,71],"2":[71,0],"3":[0],"4":[0],"5":[0],"6":[0],"7":[55],"8":[55,1],"9":[0],"10":[1]},"inputSourceMap":{"version":3,"file":"/app/src/component/ErrorsHandler.ts","sources":["/app/src/component/ErrorsHandler.ts"],"names":[],"mappings":";;AAAA,mCAAiC;AASjC,MAAM,WAAW,GAAG,CAAC,IAAwB,EAAe,EAAE;IAE5D,IAAI,IAAI,YAAY,KAAK,EAAE;QACzB,OAAO;YACL,OAAO,EAAE,IAAI,CAAC,OAAO;YACrB,KAAK,EAAE,IAAI,CAAC,KAAK;SAClB,CAAC;KACH;IAED,IAAI,OAAO,IAAI,KAAK,QAAQ,EAAE;QAC5B,OAAO;YACL,OAAO,EAAE,IAAI;SACd,CAAC;KACH;IAED,IAAI,IAAI,CAAC,OAAO,EAAE;QACd,OAAO,IAAI,CAAC;KACb;SAAM;QACL,aAAa,CAAC,KAAK,CAAC,yCAAyC,EAAE,GAAG,CAAC,CAAC;KACrE;AACL,CAAC,CAAC;AAEF,MAAM,aAAa;IAmBjB,YAAY,IAAI,EAAE,EAAE,UAAU,GAAG,GAAG,EAAE,IAAI,GAAG,QAAQ,EAAE,GAAG,EAAE;QAC1D,IAAI,CAAC,IAAI,GAAG,IAAI,CAAC;QACjB,IAAI,CAAC,IAAI,GAAG,IAAI,CAAC;QACjB,IAAI,CAAC,UAAU,GAAG,UAAU,CAAC;IAC/B,CAAC;IAtBM,MAAM,CAAC,IAAI,CAAC,MAAM,EAAE,aAAqB,GAAG,EAAE,OAAc,QAAQ;QACzE,IAAI,IAAI,CAAC;QACT,IAAI,gBAAO,CAAC,MAAM,CAAC,EAAE;YACnB,IAAI,GAAG,MAAM,CAAC,GAAG,CAAC,CAAC,IAAI,EAAE,EAAE,CAAC,WAAW,CAAC,IAAI,CAAC,CAAC,CAAC;SAChD;aAAM;YACL,IAAI,GAAG,CAAC,WAAW,CAAC,MAAM,CAAC,CAAC,CAAC;SAC9B;QACD,OAAO,IAAI,aAAa,CAAC,IAAI,EAAE,EAAE,UAAU,EAAE,IAAI,EAAE,CAAC,CAAC;IACvD,CAAC;IAEM,MAAM,CAAC,KAAK,CAAC,MAAiD,EAAE,aAAqB,GAAG,EAAE,OAAc,QAAQ;QACrH,MAAM,aAAa,CAAC,IAAI,CAAC,MAAM,EAAE,UAAU,EAAE,IAAI,CAAC,CAAC;IACrD,CAAC;CAWF;AAED,kBAAe,aAAa,CAAC","sourcesContent":["import { isArray } from 'lodash';\n\nexport interface ErrorObject {\n  message: string;\n  field?: string;\n  stack?: string;\n  code?: number|string;\n}\n\nconst itemHandler = (item: string|ErrorObject): ErrorObject => {\n\n  if (item instanceof Error) {\n    return {\n      message: item.message,\n      stack: item.stack,\n    };\n  }\n\n  if (typeof item === 'string') {\n    return {\n      message: item,\n    };\n  }\n\n  if (item.message) {\n      return item;\n    } else {\n      ErrorsHandler.throw('Object of error dont have field message', 400);\n    }\n};\n\nclass ErrorsHandler {\n  public static make(errors, statusCode: number = 400, type: string= 'common') {\n    let data;\n    if (isArray(errors)) {\n      data = errors.map((item) => itemHandler(item));\n    } else {\n      data = [itemHandler(errors)];\n    }\n    return new ErrorsHandler(data, { statusCode, type });\n  }\n\n  public static throw(errors: string|string[]|ErrorObject|ErrorObject[], statusCode: number = 400, type: string= 'common') {\n    throw ErrorsHandler.make(errors, statusCode, type);\n  }\n\n  public data: ErrorObject[];\n  public type: string;\n  public statusCode: number;\n\n  constructor(data, { statusCode = 400, type = 'common' } = {}) {\n    this.data = data;\n    this.type = type;\n    this.statusCode = statusCode;\n  }\n}\n\nexport default ErrorsHandler;\n"]},"_coverageSchema":"1a1c01bbd47fc00a2c39e90264f33305004495a9","hash":"f2525c90f5b00cabf4cfd0bded583347a0be8e0a","contentHash":"e17e775f047950465400e038e688e58d36a7828bf100b6e9396f9c029a37d82c"},"/app/src/entities/article/schema.ts":{"path":"/app/src/entities/article/schema.ts","statementMap":{"0":{"start":{"line":2,"column":0},"end":{"line":2,"column":62}},"1":{"start":{"line":3,"column":0},"end":{"line":3,"column":24}},"2":{"start":{"line":4,"column":19},"end":{"line":4,"column":38}},"3":{"start":{"line":5,"column":0},"end":{"line":17,"column":3}},"4":{"start":{"line":18,"column":0},"end":{"line":18,"column":62}}},"fnMap":{},"branchMap":{},"s":{"0":1,"1":1,"2":1,"3":1,"4":1},"f":{},"b":{},"inputSourceMap":{"version":3,"file":"/app/src/entities/article/schema.ts","sources":["/app/src/entities/article/schema.ts"],"names":[],"mappings":";;;AAAA,uCAAyC;AAG5B,QAAA,MAAM,GAAG,IAAI,iBAAM,CAAU;IACxC,UAAU,EAAE;QACV,KAAK,EAAE,IAAI;QACX,QAAQ,EAAE,IAAI;QACd,IAAI,EAAE,iBAAM,CAAC,KAAK,CAAC,QAAQ;KAC5B;IACD,WAAW,EAAE,EAAE,IAAI,EAAE,MAAM,EAAE,QAAQ,EAAE,IAAI,EAAE;IAC7C,SAAS,EAAE,EAAE,IAAI,EAAE,SAAS,EAAE,OAAO,EAAE,KAAK,EAAE;IAC9C,QAAQ,EAAE,EAAE,IAAI,EAAE,MAAM,EAAE,QAAQ,EAAE,IAAI,EAAE;IAC1C,KAAK,EAAE,EAAE,IAAI,EAAE,MAAM,EAAE,QAAQ,EAAE,IAAI,EAAE,KAAK,EAAE,IAAI,EAAE;CACrD,EAAE;IACD,UAAU,EAAE,KAAK;CAClB,CAAC,CAAC;AAEH,kBAAe,gBAAK,CAAU,SAAS,EAAE,cAAM,CAAC,CAAC","sourcesContent":["import { model, Schema } from 'mongoose';\nimport { Article } from './interface';\n\nexport const schema = new Schema<Article>({\n  categoryId: {\n    index: true,\n    required: true,\n    type: Schema.Types.ObjectId,\n  },\n  description: { type: String, required: true },\n  isDeleted: { type: 'boolean', default: false },\n  mainText: { type: String, required: true },\n  title: { type: String, required: true, index: true },\n}, {\n  versionKey: false,\n});\n\nexport default model<Article>('Article', schema);\n"]},"_coverageSchema":"1a1c01bbd47fc00a2c39e90264f33305004495a9","hash":"64eb82c1ac95a875a1ece11c9158b8fa48cb68ae","contentHash":"ac16cc3640de73fa91d8163d0e54927a4a92457d4536f8586e88055061230845"},"/app/src/entities/category/schema.ts":{"path":"/app/src/entities/category/schema.ts","statementMap":{"0":{"start":{"line":2,"column":0},"end":{"line":2,"column":62}},"1":{"start":{"line":3,"column":0},"end":{"line":3,"column":24}},"2":{"start":{"line":4,"column":19},"end":{"line":4,"column":38}},"3":{"start":{"line":5,"column":0},"end":{"line":15,"column":3}},"4":{"start":{"line":16,"column":0},"end":{"line":16,"column":63}}},"fnMap":{},"branchMap":{},"s":{"0":1,"1":1,"2":1,"3":1,"4":1},"f":{},"b":{},"inputSourceMap":{"version":3,"file":"/app/src/entities/category/schema.ts","sources":["/app/src/entities/category/schema.ts"],"names":[],"mappings":";;;AAAA,uCAA0C;AAG7B,QAAA,MAAM,GAAG,IAAI,iBAAM,CAAW;IACvC,SAAS,EAAE,EAAE,IAAI,EAAE,SAAS,EAAE,OAAO,EAAE,KAAK,EAAE;IAC9C,IAAI,EAAE,EAAE,IAAI,EAAE,MAAM,EAAE,QAAQ,EAAE,IAAI,EAAE,KAAK,EAAE,IAAI,EAAE;IACnD,gBAAgB,EAAE;QACd,OAAO,EAAE,IAAI;QACb,KAAK,EAAE,IAAI;QACX,IAAI,EAAE,iBAAM,CAAC,KAAK,CAAC,QAAQ;KAC9B;CACJ,EAAE;IACC,UAAU,EAAE,KAAK;CACpB,CAAC,CAAC;AAEH,kBAAe,gBAAK,CAAW,UAAU,EAAE,cAAM,CAAC,CAAC","sourcesContent":["import {  model, Schema } from 'mongoose';\nimport { Category } from './interface';\n\nexport const schema = new Schema<Category>({\n    isDeleted: { type: 'boolean', default: false },\n    name: { type: String, required: true, index: true },\n    parentCategoryId: {\n        default: null,\n        index: true,\n        type: Schema.Types.ObjectId,\n    },\n}, {\n    versionKey: false,\n});\n\nexport default model<Category>('Category', schema);\n"]},"_coverageSchema":"1a1c01bbd47fc00a2c39e90264f33305004495a9","hash":"5e984bb7b1f93a071c0c1d4ad2e4395f3e62d706","contentHash":"4dd8db6533dec3778a1a387f658683e40122ec0cad9dd3a3613e0f8d6d914736"},"/app/src/entities/categorySegregation/schema.ts":{"path":"/app/src/entities/categorySegregation/schema.ts","statementMap":{"0":{"start":{"line":2,"column":0},"end":{"line":2,"column":62}},"1":{"start":{"line":3,"column":0},"end":{"line":3,"column":24}},"2":{"start":{"line":4,"column":19},"end":{"line":4,"column":38}},"3":{"start":{"line":5,"column":0},"end":{"line":20,"column":3}},"4":{"start":{"line":21,"column":0},"end":{"line":21,"column":74}}},"fnMap":{},"branchMap":{},"s":{"0":1,"1":1,"2":1,"3":1,"4":1},"f":{},"b":{},"inputSourceMap":{"version":3,"file":"/app/src/entities/categorySegregation/schema.ts","sources":["/app/src/entities/categorySegregation/schema.ts"],"names":[],"mappings":";;;AAAA,uCAA0C;AAG7B,QAAA,MAAM,GAAG,IAAI,iBAAM,CAAsB;IAClD,GAAG,EAAE;QACD,IAAI,EAAE,iBAAM,CAAC,KAAK,CAAC,QAAQ;KAC9B;IACD,YAAY,EAAE,EAAE,IAAI,EAAE,MAAM,EAAE,QAAQ,EAAE,IAAI,EAAE,OAAO,EAAE,CAAC,EAAE;IAC1D,SAAS,EAAE,EAAE,IAAI,EAAE,SAAS,EAAE,OAAO,EAAE,KAAK,EAAE;IAC9C,IAAI,EAAE,EAAE,IAAI,EAAE,MAAM,EAAE,QAAQ,EAAE,IAAI,EAAE,KAAK,EAAE,IAAI,EAAE;IACnD,gBAAgB,EAAE;QACd,OAAO,EAAE,IAAI;QACb,KAAK,EAAE,IAAI;QACX,IAAI,EAAE,iBAAM,CAAC,KAAK,CAAC,QAAQ;KAC9B;IACD,WAAW,EAAE,EAAE,IAAI,EAAE,MAAM,EAAE,QAAQ,EAAE,IAAI,EAAE,OAAO,EAAE,CAAC,EAAE;CAC5D,EAAE;IACC,UAAU,EAAE,KAAK;CACpB,CAAC,CAAC;AAEH,kBAAe,gBAAK,CAAsB,qBAAqB,EAAE,cAAM,CAAC,CAAC","sourcesContent":["import {  model, Schema } from 'mongoose';\nimport { CategorySegregation } from './interface';\n\nexport const schema = new Schema<CategorySegregation>({\n    _id: {\n        type: Schema.Types.ObjectId,\n    },\n    articleCount: { type: Number, required: true, default: 0 },\n    isDeleted: { type: 'boolean', default: false },\n    name: { type: String, required: true, index: true },\n    parentCategoryId: {\n        default: null,\n        index: true,\n        type: Schema.Types.ObjectId,\n    },\n    recipeCount: { type: Number, required: true, default: 0 },\n}, {\n    versionKey: false,\n});\n\nexport default model<CategorySegregation>('CategorySegregation', schema);\n"]},"_coverageSchema":"1a1c01bbd47fc00a2c39e90264f33305004495a9","hash":"cd753b9b21c7264b22689721797d9e199b875edd","contentHash":"22c44dba3bad7f9f9a2b0eb5a039906d37d6c3e3df57d37ac7cbb6b00f68ee24"},"/app/src/entities/recipe/schema.ts":{"path":"/app/src/entities/recipe/schema.ts","statementMap":{"0":{"start":{"line":2,"column":0},"end":{"line":2,"column":62}},"1":{"start":{"line":3,"column":0},"end":{"line":3,"column":24}},"2":{"start":{"line":4,"column":19},"end":{"line":4,"column":38}},"3":{"start":{"line":5,"column":0},"end":{"line":16,"column":3}},"4":{"start":{"line":17,"column":0},"end":{"line":17,"column":61}}},"fnMap":{},"branchMap":{},"s":{"0":1,"1":1,"2":1,"3":1,"4":1},"f":{},"b":{},"inputSourceMap":{"version":3,"file":"/app/src/entities/recipe/schema.ts","sources":["/app/src/entities/recipe/schema.ts"],"names":[],"mappings":";;;AAAA,uCAAyC;AAG5B,QAAA,MAAM,GAAG,IAAI,iBAAM,CAAS;IACvC,UAAU,EAAE;QACV,KAAK,EAAE,IAAI;QACX,QAAQ,EAAE,IAAI;QACd,IAAI,EAAE,iBAAM,CAAC,KAAK,CAAC,QAAQ;KAC5B;IACD,WAAW,EAAE,EAAE,IAAI,EAAE,MAAM,EAAE,QAAQ,EAAE,IAAI,EAAE;IAC7C,SAAS,EAAE,EAAE,IAAI,EAAE,SAAS,EAAE,OAAO,EAAE,KAAK,EAAE;IAC9C,KAAK,EAAE,EAAE,IAAI,EAAE,MAAM,EAAE,QAAQ,EAAE,IAAI,EAAE,KAAK,EAAE,IAAI,EAAE;CACrD,EAAE;IACD,UAAU,EAAE,KAAK;CAClB,CAAC,CAAC;AAEH,kBAAe,gBAAK,CAAS,QAAQ,EAAE,cAAM,CAAC,CAAC","sourcesContent":["import { model, Schema } from 'mongoose';\nimport { Recipe } from './interface';\n\nexport const schema = new Schema<Recipe>({\n  categoryId: {\n    index: true,\n    required: true,\n    type: Schema.Types.ObjectId,\n  },\n  description: { type: String, required: true },\n  isDeleted: { type: 'boolean', default: false },\n  title: { type: String, required: true, index: true },\n}, {\n  versionKey: false,\n});\n\nexport default model<Recipe>('Recipe', schema);\n"]},"_coverageSchema":"1a1c01bbd47fc00a2c39e90264f33305004495a9","hash":"0ffe62a91e165f174bc35e9307dc9a9be391dbaf","contentHash":"9d34ba5d78645e7851fd14b73fc6c421861aac3af3ca6c5222bcf79dce1bcf46"},"/app/src/entities/article/route.ts":{"path":"/app/src/entities/article/route.ts","statementMap":{"0":{"start":{"line":2,"column":16},"end":{"line":10,"column":1}},"1":{"start":{"line":3,"column":28},"end":{"line":3,"column":110}},"2":{"start":{"line":3,"column":91},"end":{"line":3,"column":106}},"3":{"start":{"line":4,"column":4},"end":{"line":9,"column":7}},"4":{"start":{"line":5,"column":36},"end":{"line":5,"column":97}},"5":{"start":{"line":5,"column":42},"end":{"line":5,"column":70}},"6":{"start":{"line":5,"column":85},"end":{"line":5,"column":95}},"7":{"start":{"line":6,"column":35},"end":{"line":6,"column":100}},"8":{"start":{"line":6,"column":41},"end":{"line":6,"column":73}},"9":{"start":{"line":6,"column":88},"end":{"line":6,"column":98}},"10":{"start":{"line":7,"column":32},"end":{"line":7,"column":116}},"11":{"start":{"line":8,"column":8},"end":{"line":8,"column":78}},"12":{"start":{"line":11,"column":22},"end":{"line":13,"column":1}},"13":{"start":{"line":12,"column":4},"end":{"line":12,"column":62}},"14":{"start":{"line":14,"column":0},"end":{"line":14,"column":62}},"15":{"start":{"line":15,"column":18},"end":{"line":15,"column":36}},"16":{"start":{"line":16,"column":16},"end":{"line":16,"column":44}},"17":{"start":{"line":17,"column":18},"end":{"line":17,"column":55}},"18":{"start":{"line":18,"column":15},"end":{"line":18,"column":33}},"19":{"start":{"line":19,"column":0},"end":{"line":21,"column":5}},"20":{"start":{"line":19,"column":55},"end":{"line":21,"column":2}},"21":{"start":{"line":20,"column":4},"end":{"line":20,"column":67}},"22":{"start":{"line":22,"column":0},"end":{"line":24,"column":5}},"23":{"start":{"line":22,"column":59},"end":{"line":24,"column":2}},"24":{"start":{"line":23,"column":4},"end":{"line":23,"column":74}},"25":{"start":{"line":25,"column":0},"end":{"line":27,"column":5}},"26":{"start":{"line":25,"column":67},"end":{"line":27,"column":2}},"27":{"start":{"line":26,"column":4},"end":{"line":26,"column":92}},"28":{"start":{"line":28,"column":0},"end":{"line":30,"column":5}},"29":{"start":{"line":28,"column":81},"end":{"line":30,"column":2}},"30":{"start":{"line":29,"column":4},"end":{"line":29,"column":115}},"31":{"start":{"line":31,"column":0},"end":{"line":33,"column":5}},"32":{"start":{"line":31,"column":62},"end":{"line":33,"column":2}},"33":{"start":{"line":32,"column":4},"end":{"line":32,"column":73}},"34":{"start":{"line":34,"column":0},"end":{"line":36,"column":5}},"35":{"start":{"line":34,"column":87},"end":{"line":36,"column":2}},"36":{"start":{"line":35,"column":4},"end":{"line":35,"column":104}},"37":{"start":{"line":37,"column":0},"end":{"line":39,"column":5}},"38":{"start":{"line":37,"column":59},"end":{"line":39,"column":2}},"39":{"start":{"line":38,"column":4},"end":{"line":38,"column":79}},"40":{"start":{"line":40,"column":0},"end":{"line":43,"column":2}}},"fnMap":{"0":{"name":"(anonymous_0)","decl":{"start":{"line":2,"column":44},"end":{"line":2,"column":45}},"loc":{"start":{"line":2,"column":89},"end":{"line":10,"column":1}},"line":2},"1":{"name":"adopt","decl":{"start":{"line":3,"column":13},"end":{"line":3,"column":18}},"loc":{"start":{"line":3,"column":26},"end":{"line":3,"column":112}},"line":3},"2":{"name":"(anonymous_2)","decl":{"start":{"line":3,"column":70},"end":{"line":3,"column":71}},"loc":{"start":{"line":3,"column":89},"end":{"line":3,"column":108}},"line":3},"3":{"name":"(anonymous_3)","decl":{"start":{"line":4,"column":36},"end":{"line":4,"column":37}},"loc":{"start":{"line":4,"column":63},"end":{"line":9,"column":5}},"line":4},"4":{"name":"fulfilled","decl":{"start":{"line":5,"column":17},"end":{"line":5,"column":26}},"loc":{"start":{"line":5,"column":34},"end":{"line":5,"column":99}},"line":5},"5":{"name":"rejected","decl":{"start":{"line":6,"column":17},"end":{"line":6,"column":25}},"loc":{"start":{"line":6,"column":33},"end":{"line":6,"column":102}},"line":6},"6":{"name":"step","decl":{"start":{"line":7,"column":17},"end":{"line":7,"column":21}},"loc":{"start":{"line":7,"column":30},"end":{"line":7,"column":118}},"line":7},"7":{"name":"(anonymous_7)","decl":{"start":{"line":11,"column":56},"end":{"line":11,"column":57}},"loc":{"start":{"line":11,"column":71},"end":{"line":13,"column":1}},"line":11},"8":{"name":"(anonymous_8)","decl":{"start":{"line":19,"column":41},"end":{"line":19,"column":42}},"loc":{"start":{"line":19,"column":55},"end":{"line":21,"column":2}},"line":19},"9":{"name":"(anonymous_9)","decl":{"start":{"line":19,"column":89},"end":{"line":19,"column":90}},"loc":{"start":{"line":19,"column":102},"end":{"line":21,"column":1}},"line":19},"10":{"name":"(anonymous_10)","decl":{"start":{"line":22,"column":45},"end":{"line":22,"column":46}},"loc":{"start":{"line":22,"column":59},"end":{"line":24,"column":2}},"line":22},"11":{"name":"(anonymous_11)","decl":{"start":{"line":22,"column":93},"end":{"line":22,"column":94}},"loc":{"start":{"line":22,"column":106},"end":{"line":24,"column":1}},"line":22},"12":{"name":"(anonymous_12)","decl":{"start":{"line":25,"column":53},"end":{"line":25,"column":54}},"loc":{"start":{"line":25,"column":67},"end":{"line":27,"column":2}},"line":25},"13":{"name":"(anonymous_13)","decl":{"start":{"line":25,"column":101},"end":{"line":25,"column":102}},"loc":{"start":{"line":25,"column":114},"end":{"line":27,"column":1}},"line":25},"14":{"name":"(anonymous_14)","decl":{"start":{"line":28,"column":67},"end":{"line":28,"column":68}},"loc":{"start":{"line":28,"column":81},"end":{"line":30,"column":2}},"line":28},"15":{"name":"(anonymous_15)","decl":{"start":{"line":28,"column":115},"end":{"line":28,"column":116}},"loc":{"start":{"line":28,"column":128},"end":{"line":30,"column":1}},"line":28},"16":{"name":"(anonymous_16)","decl":{"start":{"line":31,"column":48},"end":{"line":31,"column":49}},"loc":{"start":{"line":31,"column":62},"end":{"line":33,"column":2}},"line":31},"17":{"name":"(anonymous_17)","decl":{"start":{"line":31,"column":96},"end":{"line":31,"column":97}},"loc":{"start":{"line":31,"column":109},"end":{"line":33,"column":1}},"line":31},"18":{"name":"(anonymous_18)","decl":{"start":{"line":34,"column":73},"end":{"line":34,"column":74}},"loc":{"start":{"line":34,"column":87},"end":{"line":36,"column":2}},"line":34},"19":{"name":"(anonymous_19)","decl":{"start":{"line":34,"column":121},"end":{"line":34,"column":122}},"loc":{"start":{"line":34,"column":134},"end":{"line":36,"column":1}},"line":34},"20":{"name":"(anonymous_20)","decl":{"start":{"line":37,"column":45},"end":{"line":37,"column":46}},"loc":{"start":{"line":37,"column":59},"end":{"line":39,"column":2}},"line":37},"21":{"name":"(anonymous_21)","decl":{"start":{"line":37,"column":93},"end":{"line":37,"column":94}},"loc":{"start":{"line":37,"column":106},"end":{"line":39,"column":1}},"line":37}},"branchMap":{"0":{"loc":{"start":{"line":2,"column":16},"end":{"line":10,"column":1}},"type":"binary-expr","locations":[{"start":{"line":2,"column":17},"end":{"line":2,"column":21}},{"start":{"line":2,"column":25},"end":{"line":2,"column":39}},{"start":{"line":2,"column":44},"end":{"line":10,"column":1}}],"line":2},"1":{"loc":{"start":{"line":3,"column":35},"end":{"line":3,"column":109}},"type":"cond-expr","locations":[{"start":{"line":3,"column":56},"end":{"line":3,"column":61}},{"start":{"line":3,"column":64},"end":{"line":3,"column":109}}],"line":3},"2":{"loc":{"start":{"line":4,"column":16},"end":{"line":4,"column":34}},"type":"binary-expr","locations":[{"start":{"line":4,"column":16},"end":{"line":4,"column":17}},{"start":{"line":4,"column":22},"end":{"line":4,"column":33}}],"line":4},"3":{"loc":{"start":{"line":7,"column":32},"end":{"line":7,"column":115}},"type":"cond-expr","locations":[{"start":{"line":7,"column":46},"end":{"line":7,"column":67}},{"start":{"line":7,"column":70},"end":{"line":7,"column":115}}],"line":7},"4":{"loc":{"start":{"line":8,"column":51},"end":{"line":8,"column":67}},"type":"binary-expr","locations":[{"start":{"line":8,"column":51},"end":{"line":8,"column":61}},{"start":{"line":8,"column":65},"end":{"line":8,"column":67}}],"line":8},"5":{"loc":{"start":{"line":11,"column":22},"end":{"line":13,"column":1}},"type":"binary-expr","locations":[{"start":{"line":11,"column":23},"end":{"line":11,"column":27}},{"start":{"line":11,"column":31},"end":{"line":11,"column":51}},{"start":{"line":11,"column":56},"end":{"line":13,"column":1}}],"line":11},"6":{"loc":{"start":{"line":12,"column":11},"end":{"line":12,"column":61}},"type":"cond-expr","locations":[{"start":{"line":12,"column":37},"end":{"line":12,"column":40}},{"start":{"line":12,"column":43},"end":{"line":12,"column":61}}],"line":12},"7":{"loc":{"start":{"line":12,"column":12},"end":{"line":12,"column":33}},"type":"binary-expr","locations":[{"start":{"line":12,"column":12},"end":{"line":12,"column":15}},{"start":{"line":12,"column":19},"end":{"line":12,"column":33}}],"line":12}},"s":{"0":1,"1":34,"2":0,"3":34,"4":10,"5":10,"6":0,"7":24,"8":24,"9":24,"10":44,"11":34,"12":1,"13":1,"14":1,"15":1,"16":1,"17":1,"18":1,"19":1,"20":6,"21":6,"22":1,"23":7,"24":7,"25":1,"26":7,"27":7,"28":1,"29":3,"30":3,"31":1,"32":3,"33":3,"34":1,"35":4,"36":4,"37":1,"38":4,"39":4,"40":1},"f":{"0":34,"1":34,"2":0,"3":34,"4":10,"5":24,"6":44,"7":1,"8":6,"9":6,"10":7,"11":7,"12":7,"13":7,"14":3,"15":3,"16":3,"17":3,"18":4,"19":4,"20":4,"21":4},"b":{"0":[1,1,1],"1":[34,0],"2":[34,34],"3":[10,34],"4":[34,34],"5":[1,1,1],"6":[1,0],"7":[1,1]},"inputSourceMap":{"version":3,"file":"/app/src/entities/article/route.ts","sources":["/app/src/entities/article/route.ts"],"names":[],"mappings":";;;;;;;;;;;;;;AAAA,qCAAiC;AACjC,6CAA6C;AAC7C,wDAAuC;AAEvC,MAAM,MAAM,GAAG,gBAAM,EAAE,CAAC;AAExB,MAAM,CAAC,IAAI,CAAC,UAAU,EAAG,gBAAQ,CAAC,CAAO,GAAG,EAAE,GAAG,EAAE,EAAE;IACnD,GAAG,CAAC,MAAM,CAAC,GAAG,CAAC,CAAC,IAAI,CAAC,MAAM,iBAAc,CAAC,MAAM,CAAC,GAAG,CAAC,IAAI,CAAC,CAAC,CAAC;AAC9D,CAAC,CAAA,CAAC,CAAC,CAAC;AAEJ,MAAM,CAAC,GAAG,CAAC,eAAe,EAAE,gBAAQ,CAAC,CAAO,GAAG,EAAE,GAAG,EAAE,EAAE;IACtD,GAAG,CAAC,MAAM,CAAC,GAAG,CAAC,CAAC,IAAI,CAAC,MAAM,iBAAc,CAAC,OAAO,CAAC,GAAG,CAAC,MAAM,CAAC,GAAG,CAAC,CAAC,CAAC;AACrE,CAAC,CAAA,CAAC,CAAC,CAAC;AAEJ,MAAM,CAAC,GAAG,CAAC,uBAAuB,EAAE,gBAAQ,CAAC,CAAO,GAAG,EAAE,GAAG,EAAE,EAAE;IAC9D,GAAG,CAAC,MAAM,CAAC,GAAG,CAAC,CAAC,IAAI,CAAC,MAAM,iBAAc,CAAC,MAAM,CAAC,GAAG,CAAC,MAAM,CAAC,IAAI,EAAE,GAAG,CAAC,MAAM,CAAC,KAAK,CAAC,CAAC,CAAC;AACvF,CAAC,CAAA,CAAC,CAAC,CAAC;AAEJ,MAAM,CAAC,GAAG,CAAC,qCAAqC,EAAE,gBAAQ,CAAC,CAAO,GAAG,EAAE,GAAG,EAAE,EAAE;IAC5E,GAAG,CAAC,MAAM,CAAC,GAAG,CAAC,CAAC,IAAI,CAAC,MAAM,iBAAc,CAAC,aAAa,CAAC,GAAG,CAAC,MAAM,CAAC,GAAG,EAAE,GAAG,CAAC,MAAM,CAAC,IAAI,EAAE,GAAG,CAAC,MAAM,CAAC,KAAK,CAAC,CAAC,CAAC;AAC9G,CAAC,CAAA,CAAC,CAAC,CAAC;AAEJ,MAAM,CAAC,MAAM,CAAC,eAAe,EAAE,gBAAQ,CAAC,CAAO,GAAG,EAAE,GAAG,EAAE,EAAE;IACzD,GAAG,CAAC,MAAM,CAAC,GAAG,CAAC,CAAC,IAAI,CAAC,MAAM,iBAAc,CAAC,MAAM,CAAC,GAAG,CAAC,MAAM,CAAC,GAAG,CAAC,CAAC,CAAC;AACpE,CAAC,CAAA,CAAC,CAAC,CAAC;AAEJ,MAAM,CAAC,GAAG,CAAC,2CAA2C,EAAE,gBAAQ,CAAC,CAAO,GAAG,EAAE,GAAG,EAAE,EAAE;IAClF,GAAG,CAAC,MAAM,CAAC,GAAG,CAAC,CAAC,IAAI,CAAC,MAAM,iBAAc,CAAC,cAAc,CAAC,GAAG,CAAC,MAAM,CAAC,GAAG,EAAE,GAAG,CAAC,MAAM,CAAC,UAAU,CAAC,CAAC,CAAC;AACnG,CAAC,CAAA,CAAC,CAAC,CAAC;AAEJ,MAAM,CAAC,GAAG,CAAC,eAAe,EAAE,gBAAQ,CAAC,CAAO,GAAG,EAAE,GAAG,EAAE,EAAE;IACtD,GAAG,CAAC,MAAM,CAAC,GAAG,CAAC,CAAC,IAAI,CAAC,MAAM,iBAAc,CAAC,MAAM,CAAC,GAAG,CAAC,MAAM,EAAE,GAAG,CAAC,IAAI,CAAC,CAAC,CAAC;AAC1E,CAAC,CAAA,CAAC,CAAC,CAAC;AAEJ,kBAAe;IACb,MAAM;IACN,OAAO,EAAE,IAAI;CACd,CAAC","sourcesContent":["import { Router } from 'express';\nimport { routWrap } from '../../utils/utils';\nimport ArticleControl from './control';\n\nconst router = Router();\n\nrouter.post('/article',  routWrap(async (req, res) => {\n  res.status(200).send(await ArticleControl.create(req.body));\n}));\n\nrouter.get('/article/:_id', routWrap(async (req, res) => {\n  res.status(200).send(await ArticleControl.getById(req.params._id));\n}));\n\nrouter.get('/article/:page/:limit', routWrap(async (req, res) => {\n  res.status(200).send(await ArticleControl.getAll(req.params.page, req.params.limit));\n}));\n\nrouter.get('/article/category/:_id/:page/:limit', routWrap(async (req, res) => {\n  res.status(200).send(await ArticleControl.getByCategory(req.params._id, req.params.page, req.params.limit));\n}));\n\nrouter.delete('/article/:_id', routWrap(async (req, res) => {\n  res.status(200).send(await ArticleControl.delete(req.params._id));\n}));\n\nrouter.put('/article/:_id/change-category/:categoryId', routWrap(async (req, res) => {\n  res.status(200).send(await ArticleControl.updateCategory(req.params._id, req.params.categoryId));\n}));\n\nrouter.put('/article/:_id', routWrap(async (req, res) => {\n  res.status(200).send(await ArticleControl.update(req.params, req.body));\n}));\n\nexport default {\n  router,\n  version: 'v1',\n};\n"]},"_coverageSchema":"1a1c01bbd47fc00a2c39e90264f33305004495a9","hash":"abe74a408358d78fe8fbc190b4b11bf22aaa002f","contentHash":"38edd90bcb0003429a9af8344dbe750ad1ef2e280ab81de711c0c25d80ecea28"},"/app/src/utils/utils.ts":{"path":"/app/src/utils/utils.ts","statementMap":{"0":{"start":{"line":2,"column":16},"end":{"line":10,"column":1}},"1":{"start":{"line":3,"column":28},"end":{"line":3,"column":110}},"2":{"start":{"line":3,"column":91},"end":{"line":3,"column":106}},"3":{"start":{"line":4,"column":4},"end":{"line":9,"column":7}},"4":{"start":{"line":5,"column":36},"end":{"line":5,"column":97}},"5":{"start":{"line":5,"column":42},"end":{"line":5,"column":70}},"6":{"start":{"line":5,"column":85},"end":{"line":5,"column":95}},"7":{"start":{"line":6,"column":35},"end":{"line":6,"column":100}},"8":{"start":{"line":6,"column":41},"end":{"line":6,"column":73}},"9":{"start":{"line":6,"column":88},"end":{"line":6,"column":98}},"10":{"start":{"line":7,"column":32},"end":{"line":7,"column":116}},"11":{"start":{"line":8,"column":8},"end":{"line":8,"column":78}},"12":{"start":{"line":11,"column":0},"end":{"line":11,"column":62}},"13":{"start":{"line":12,"column":0},"end":{"line":12,"column":46}},"14":{"start":{"line":13,"column":17},"end":{"line":13,"column":34}},"15":{"start":{"line":14,"column":0},"end":{"line":23,"column":2}},"16":{"start":{"line":15,"column":4},"end":{"line":22,"column":7}},"17":{"start":{"line":15,"column":31},"end":{"line":22,"column":6}},"18":{"start":{"line":16,"column":8},"end":{"line":21,"column":9}},"19":{"start":{"line":17,"column":12},"end":{"line":17,"column":43}},"20":{"start":{"line":20,"column":12},"end":{"line":20,"column":22}},"21":{"start":{"line":24,"column":17},"end":{"line":24,"column":30}},"22":{"start":{"line":25,"column":0},"end":{"line":25,"column":58}},"23":{"start":{"line":25,"column":29},"end":{"line":25,"column":57}}},"fnMap":{"0":{"name":"(anonymous_0)","decl":{"start":{"line":2,"column":44},"end":{"line":2,"column":45}},"loc":{"start":{"line":2,"column":89},"end":{"line":10,"column":1}},"line":2},"1":{"name":"adopt","decl":{"start":{"line":3,"column":13},"end":{"line":3,"column":18}},"loc":{"start":{"line":3,"column":26},"end":{"line":3,"column":112}},"line":3},"2":{"name":"(anonymous_2)","decl":{"start":{"line":3,"column":70},"end":{"line":3,"column":71}},"loc":{"start":{"line":3,"column":89},"end":{"line":3,"column":108}},"line":3},"3":{"name":"(anonymous_3)","decl":{"start":{"line":4,"column":36},"end":{"line":4,"column":37}},"loc":{"start":{"line":4,"column":63},"end":{"line":9,"column":5}},"line":4},"4":{"name":"fulfilled","decl":{"start":{"line":5,"column":17},"end":{"line":5,"column":26}},"loc":{"start":{"line":5,"column":34},"end":{"line":5,"column":99}},"line":5},"5":{"name":"rejected","decl":{"start":{"line":6,"column":17},"end":{"line":6,"column":25}},"loc":{"start":{"line":6,"column":33},"end":{"line":6,"column":102}},"line":6},"6":{"name":"step","decl":{"start":{"line":7,"column":17},"end":{"line":7,"column":21}},"loc":{"start":{"line":7,"column":30},"end":{"line":7,"column":118}},"line":7},"7":{"name":"(anonymous_7)","decl":{"start":{"line":14,"column":19},"end":{"line":14,"column":20}},"loc":{"start":{"line":14,"column":33},"end":{"line":23,"column":1}},"line":14},"8":{"name":"(anonymous_8)","decl":{"start":{"line":15,"column":11},"end":{"line":15,"column":12}},"loc":{"start":{"line":15,"column":31},"end":{"line":22,"column":6}},"line":15},"9":{"name":"(anonymous_9)","decl":{"start":{"line":15,"column":65},"end":{"line":15,"column":66}},"loc":{"start":{"line":15,"column":78},"end":{"line":22,"column":5}},"line":15},"10":{"name":"(anonymous_10)","decl":{"start":{"line":25,"column":20},"end":{"line":25,"column":21}},"loc":{"start":{"line":25,"column":29},"end":{"line":25,"column":57}},"line":25}},"branchMap":{"0":{"loc":{"start":{"line":2,"column":16},"end":{"line":10,"column":1}},"type":"binary-expr","locations":[{"start":{"line":2,"column":17},"end":{"line":2,"column":21}},{"start":{"line":2,"column":25},"end":{"line":2,"column":39}},{"start":{"line":2,"column":44},"end":{"line":10,"column":1}}],"line":2},"1":{"loc":{"start":{"line":3,"column":35},"end":{"line":3,"column":109}},"type":"cond-expr","locations":[{"start":{"line":3,"column":56},"end":{"line":3,"column":61}},{"start":{"line":3,"column":64},"end":{"line":3,"column":109}}],"line":3},"2":{"loc":{"start":{"line":4,"column":16},"end":{"line":4,"column":34}},"type":"binary-expr","locations":[{"start":{"line":4,"column":16},"end":{"line":4,"column":17}},{"start":{"line":4,"column":22},"end":{"line":4,"column":33}}],"line":4},"3":{"loc":{"start":{"line":7,"column":32},"end":{"line":7,"column":115}},"type":"cond-expr","locations":[{"start":{"line":7,"column":46},"end":{"line":7,"column":67}},{"start":{"line":7,"column":70},"end":{"line":7,"column":115}}],"line":7},"4":{"loc":{"start":{"line":8,"column":51},"end":{"line":8,"column":67}},"type":"binary-expr","locations":[{"start":{"line":8,"column":51},"end":{"line":8,"column":61}},{"start":{"line":8,"column":65},"end":{"line":8,"column":67}}],"line":8}},"s":{"0":1,"1":84,"2":0,"3":84,"4":28,"5":28,"6":0,"7":56,"8":56,"9":0,"10":168,"11":84,"12":1,"13":1,"14":1,"15":1,"16":19,"17":84,"18":84,"19":84,"20":56,"21":1,"22":1,"23":68},"f":{"0":84,"1":84,"2":0,"3":84,"4":28,"5":56,"6":168,"7":19,"8":84,"9":84,"10":68},"b":{"0":[1,1,1],"1":[84,0],"2":[84,84],"3":[84,84],"4":[84,84]},"inputSourceMap":{"version":3,"file":"/app/src/utils/utils.ts","sources":["/app/src/utils/utils.ts"],"names":[],"mappings":";;;;;;;;;;;;AAAA,mCAA8B;AAEjB,QAAA,QAAQ,GAAG,CAAC,QAAQ,EAAE,EAAE;IACnC,OAAO,CAAQ,GAAG,EAAE,GAAG,EAAE,IAAI,EAAE,EAAE;QAC/B,IAAI;YACF,MAAM,QAAQ,CAAC,GAAG,EAAE,GAAG,EAAE,IAAI,CAAC,CAAC;SAChC;QAAC,OAAO,GAAG,EAAE;YACZ,IAAI,CAAC,GAAG,CAAC,CAAC;SACX;IACH,CAAC,CAAA,CAAC;AACJ,CAAC,CAAC;AAEF,MAAM,QAAQ,GAAG,CAAC,WAAW,CAAC,CAAC;AAClB,QAAA,SAAS,GAAI,CAAE,GAAG,EAAG,EAAE,CAAC,aAAI,CAAC,GAAG,EAAE,QAAQ,CAAC,CAAC","sourcesContent":["import { omit } from 'lodash';\n\nexport const routWrap = (callback) => {\n  return async  (req, res, next) => {\n    try {\n      await callback(req, res, next);\n    } catch (err) {\n      next(err);\n    }\n  };\n};\n\nconst toDelete = ['isDeleted'];\nexport const cleanData =  ( obj ) => omit(obj, toDelete);\n"]},"_coverageSchema":"1a1c01bbd47fc00a2c39e90264f33305004495a9","hash":"2b4115a7239cf9d0c2eff03d8415ba8330845d94","contentHash":"8d3f8926e83d215daec28fd36a1173aad1ccd892273f60f11ebd458c1f711805"},"/app/src/entities/article/control.ts":{"path":"/app/src/entities/article/control.ts","statementMap":{"0":{"start":{"line":2,"column":16},"end":{"line":10,"column":1}},"1":{"start":{"line":3,"column":28},"end":{"line":3,"column":110}},"2":{"start":{"line":3,"column":91},"end":{"line":3,"column":106}},"3":{"start":{"line":4,"column":4},"end":{"line":9,"column":7}},"4":{"start":{"line":5,"column":36},"end":{"line":5,"column":97}},"5":{"start":{"line":5,"column":42},"end":{"line":5,"column":70}},"6":{"start":{"line":5,"column":85},"end":{"line":5,"column":95}},"7":{"start":{"line":6,"column":35},"end":{"line":6,"column":100}},"8":{"start":{"line":6,"column":41},"end":{"line":6,"column":73}},"9":{"start":{"line":6,"column":88},"end":{"line":6,"column":98}},"10":{"start":{"line":7,"column":32},"end":{"line":7,"column":116}},"11":{"start":{"line":8,"column":8},"end":{"line":8,"column":78}},"12":{"start":{"line":11,"column":22},"end":{"line":13,"column":1}},"13":{"start":{"line":12,"column":4},"end":{"line":12,"column":62}},"14":{"start":{"line":14,"column":0},"end":{"line":14,"column":62}},"15":{"start":{"line":15,"column":25},"end":{"line":15,"column":79}},"16":{"start":{"line":16,"column":19},"end":{"line":16,"column":67}},"17":{"start":{"line":17,"column":18},"end":{"line":17,"column":76}},"18":{"start":{"line":18,"column":16},"end":{"line":18,"column":51}},"19":{"start":{"line":19,"column":19},"end":{"line":19,"column":57}},"20":{"start":{"line":22,"column":8},"end":{"line":28,"column":11}},"21":{"start":{"line":23,"column":35},"end":{"line":23,"column":39}},"22":{"start":{"line":24,"column":12},"end":{"line":24,"column":50}},"23":{"start":{"line":25,"column":28},"end":{"line":25,"column":62}},"24":{"start":{"line":26,"column":12},"end":{"line":26,"column":67}},"25":{"start":{"line":27,"column":12},"end":{"line":27,"column":27}},"26":{"start":{"line":31,"column":8},"end":{"line":37,"column":11}},"27":{"start":{"line":32,"column":12},"end":{"line":32,"column":54}},"28":{"start":{"line":33,"column":28},"end":{"line":33,"column":61}},"29":{"start":{"line":34,"column":35},"end":{"line":34,"column":42}},"30":{"start":{"line":35,"column":12},"end":{"line":35,"column":67}},"31":{"start":{"line":36,"column":12},"end":{"line":36,"column":27}},"32":{"start":{"line":40,"column":8},"end":{"line":49,"column":11}},"33":{"start":{"line":41,"column":12},"end":{"line":41,"column":54}},"34":{"start":{"line":42,"column":26},"end":{"line":42,"column":71}},"35":{"start":{"line":43,"column":12},"end":{"line":43,"column":69}},"36":{"start":{"line":44,"column":29},"end":{"line":44,"column":84}},"37":{"start":{"line":45,"column":12},"end":{"line":48,"column":14}},"38":{"start":{"line":52,"column":8},"end":{"line":55,"column":11}},"39":{"start":{"line":53,"column":12},"end":{"line":53,"column":54}},"40":{"start":{"line":54,"column":12},"end":{"line":54,"column":48}},"41":{"start":{"line":58,"column":8},"end":{"line":66,"column":11}},"42":{"start":{"line":59,"column":12},"end":{"line":59,"column":69}},"43":{"start":{"line":60,"column":26},"end":{"line":60,"column":64}},"44":{"start":{"line":61,"column":29},"end":{"line":61,"column":80}},"45":{"start":{"line":62,"column":12},"end":{"line":65,"column":14}},"46":{"start":{"line":69,"column":8},"end":{"line":77,"column":11}},"47":{"start":{"line":70,"column":12},"end":{"line":70,"column":54}},"48":{"start":{"line":71,"column":12},"end":{"line":71,"column":66}},"49":{"start":{"line":72,"column":31},"end":{"line":72,"column":65}},"50":{"start":{"line":73,"column":28},"end":{"line":73,"column":81}},"51":{"start":{"line":74,"column":12},"end":{"line":74,"column":78}},"52":{"start":{"line":75,"column":12},"end":{"line":75,"column":75}},"53":{"start":{"line":76,"column":12},"end":{"line":76,"column":27}},"54":{"start":{"line":80,"column":8},"end":{"line":84,"column":11}},"55":{"start":{"line":81,"column":12},"end":{"line":81,"column":50}},"56":{"start":{"line":82,"column":12},"end":{"line":82,"column":50}},"57":{"start":{"line":83,"column":12},"end":{"line":83,"column":53}},"58":{"start":{"line":87,"column":0},"end":{"line":87,"column":39}}},"fnMap":{"0":{"name":"(anonymous_0)","decl":{"start":{"line":2,"column":44},"end":{"line":2,"column":45}},"loc":{"start":{"line":2,"column":89},"end":{"line":10,"column":1}},"line":2},"1":{"name":"adopt","decl":{"start":{"line":3,"column":13},"end":{"line":3,"column":18}},"loc":{"start":{"line":3,"column":26},"end":{"line":3,"column":112}},"line":3},"2":{"name":"(anonymous_2)","decl":{"start":{"line":3,"column":70},"end":{"line":3,"column":71}},"loc":{"start":{"line":3,"column":89},"end":{"line":3,"column":108}},"line":3},"3":{"name":"(anonymous_3)","decl":{"start":{"line":4,"column":36},"end":{"line":4,"column":37}},"loc":{"start":{"line":4,"column":63},"end":{"line":9,"column":5}},"line":4},"4":{"name":"fulfilled","decl":{"start":{"line":5,"column":17},"end":{"line":5,"column":26}},"loc":{"start":{"line":5,"column":34},"end":{"line":5,"column":99}},"line":5},"5":{"name":"rejected","decl":{"start":{"line":6,"column":17},"end":{"line":6,"c
[...]
,"end":{"line":10,"column":1}},"1":{"start":{"line":3,"column":28},"end":{"line":3,"column":110}},"2":{"start":{"line":3,"column":91},"end":{"line":3,"column":106}},"3":{"start":{"line":4,"column":4},"end":{"line":9,"column":7}},"4":{"start":{"line":5,"column":36},"end":{"line":5,"column":97}},"5":{"start":{"line":5,"column":42},"end":{"line":5,"column":70}},"6":{"start":{"line":5,"column":85},"end":{"line":5,"column":95}},"7":{"start":{"line":6,"column":35},"end":{"line":6,"column":100}},"8":{"start":{"line":6,"column":41},"end":{"line":6,"column":73}},"9":{"start":{"line":6,"column":88},"end":{"line":6,"column":98}},"10":{"start":{"line":7,"column":32},"end":{"line":7,"column":116}},"11":{"start":{"line":8,"column":8},"end":{"line":8,"column":78}},"12":{"start":{"line":11,"column":22},"end":{"line":13,"column":1}},"13":{"start":{"line":12,"column":4},"end":{"line":12,"column":62}},"14":{"start":{"line":14,"column":0},"end":{"line":14,"column":62}},"15":{"start":{"line":15,"column":25},"end":{"line":15,"column":79}},"16":{"start":{"line":16,"column":19},"end":{"line":16,"column":67}},"17":{"start":{"line":17,"column":18},"end":{"line":17,"column":76}},"18":{"start":{"line":18,"column":16},"end":{"line":18,"column":51}},"19":{"start":{"line":19,"column":19},"end":{"line":19,"column":57}},"20":{"start":{"line":22,"column":8},"end":{"line":28,"column":11}},"21":{"start":{"line":23,"column":35},"end":{"line":23,"column":39}},"22":{"start":{"line":24,"column":12},"end":{"line":24,"column":50}},"23":{"start":{"line":25,"column":27},"end":{"line":25,"column":61}},"24":{"start":{"line":26,"column":12},"end":{"line":26,"column":66}},"25":{"start":{"line":27,"column":12},"end":{"line":27,"column":26}},"26":{"start":{"line":31,"column":8},"end":{"line":36,"column":11}},"27":{"start":{"line":32,"column":12},"end":{"line":32,"column":54}},"28":{"start":{"line":33,"column":27},"end":{"line":33,"column":60}},"29":{"start":{"line":34,"column":12},"end":{"line":34,"column":73}},"30":{"start":{"line":35,"column":12},"end":{"line":35,"column":26}},"31":{"start":{"line":39,"column":8},"end":{"line":48,"column":11}},"32":{"start":{"line":40,"column":12},"end":{"line":40,"column":54}},"33":{"start":{"line":41,"column":26},"end":{"line":41,"column":71}},"34":{"start":{"line":42,"column":12},"end":{"line":42,"column":69}},"35":{"start":{"line":43,"column":29},"end":{"line":43,"column":84}},"36":{"start":{"line":44,"column":12},"end":{"line":47,"column":14}},"37":{"start":{"line":51,"column":8},"end":{"line":54,"column":11}},"38":{"start":{"line":52,"column":12},"end":{"line":52,"column":54}},"39":{"start":{"line":53,"column":12},"end":{"line":53,"column":48}},"40":{"start":{"line":57,"column":8},"end":{"line":65,"column":11}},"41":{"start":{"line":58,"column":12},"end":{"line":58,"column":69}},"42":{"start":{"line":59,"column":26},"end":{"line":59,"column":64}},"43":{"start":{"line":60,"column":29},"end":{"line":60,"column":80}},"44":{"start":{"line":61,"column":12},"end":{"line":64,"column":14}},"45":{"start":{"line":68,"column":8},"end":{"line":76,"column":11}},"46":{"start":{"line":69,"column":12},"end":{"line":69,"column":54}},"47":{"start":{"line":70,"column":12},"end":{"line":70,"column":66}},"48":{"start":{"line":71,"column":30},"end":{"line":71,"column":64}},"49":{"start":{"line":72,"column":27},"end":{"line":72,"column":80}},"50":{"start":{"line":73,"column":12},"end":{"line":73,"column":76}},"51":{"start":{"line":74,"column":12},"end":{"line":74,"column":73}},"52":{"start":{"line":75,"column":12},"end":{"line":75,"column":26}},"53":{"start":{"line":79,"column":8},"end":{"line":83,"column":11}},"54":{"start":{"line":80,"column":12},"end":{"line":80,"column":50}},"55":{"start":{"line":81,"column":12},"end":{"line":81,"column":50}},"56":{"start":{"line":82,"column":12},"end":{"line":82,"column":53}},"57":{"start":{"line":86,"column":0},"end":{"line":86,"column":38}}},"fnMap":{"0":{"name":"(anonymous_0)","decl":{"start":{"line":2,"column":44},"end":{"line":2,"column":45}},"loc":{"start":{"line":2,"column":89},"end":{"line":10,"column":1}},"line":2},"1":{"name":"adopt","decl":{"start":{"line":3,"column":13},"end":{"line":3,"column":18}},"loc":{"start":{"line":3,"column":26},"end":{"line":3,"column":112}},"line":3},"2":{"name":"(anonymous_2)","decl":{"start":{"line":3,"column":70},"end":{"line":3,"column":71}},"loc":{"start":{"line":3,"column":89},"end":{"line":3,"column":108}},"line":3},"3":{"name":"(anonymous_3)","decl":{"start":{"line":4,"column":36},"end":{"line":4,"column":37}},"loc":{"start":{"line":4,"column":63},"end":{"line":9,"column":5}},"line":4},"4":{"name":"fulfilled","decl":{"start":{"line":5,"column":17},"end":{"line":5,"column":26}},"loc":{"start":{"line":5,"column":34},"end":{"line":5,"column":99}},"line":5},"5":{"name":"rejected","decl":{"start":{"line":6,"column":17},"end":{"line":6,"column":25}},"loc":{"start":{"line":6,"column":33},"end":{"line":6,"column":102}},"line":6},"6":{"name":"step","decl":{"start":{"line":7,"column":17},"end":{"line":7,"column":21}},"loc":{"start":{"line":7,"column":30},"end":{"line":7,"column":118}},"line":7},"7":{"name":"(anonymous_7)","decl":{"start":{"line":11,"column":56},"end":{"line":11,"column":57}},"loc":{"start":{"line":11,"column":71},"end":{"line":13,"column":1}},"line":11},"8":{"name":"(anonymous_8)","decl":{"start":{"line":21,"column":4},"end":{"line":21,"column":5}},"loc":{"start":{"line":21,"column":17},"end":{"line":29,"column":5}},"line":21},"9":{"name":"(anonymous_9)","decl":{"start":{"line":22,"column":47},"end":{"line":22,"column":48}},"loc":{"start":{"line":22,"column":60},"end":{"line":28,"column":9}},"line":22},"10":{"name":"(anonymous_10)","decl":{"start":{"line":30,"column":4},"end":{"line":30,"column":5}},"loc":{"start":{"line":30,"column":16},"end":{"line":37,"column":5}},"line":30},"11":{"name":"(anonymous_11)","decl":{"start":{"line":31,"column":47},"end":{"line":31,"column":48}},"loc":{"start":{"line":31,"column":60},"end":{"line":36,"column":9}},"line":31},"12":{"name":"(anonymous_12)","decl":{"start":{"line":38,"column":4},"end":{"line":38,"column":5}},"loc":{"start":{"line":38,"column":36},"end":{"line":49,"column":5}},"line":38},"13":{"name":"(anonymous_13)","decl":{"start":{"line":39,"column":47},"end":{"line":39,"column":48}},"loc":{"start":{"line":39,"column":60},"end":{"line":48,"column":9}},"line":39},"14":{"name":"(anonymous_14)","decl":{"start":{"line":50,"column":4},"end":{"line":50,"column":5}},"loc":{"start":{"line":50,"column":17},"end":{"line":55,"column":5}},"line":50},"15":{"name":"(anonymous_15)","decl":{"start":{"line":51,"column":47},"end":{"line":51,"column":48}},"loc":{"start":{"line":51,"column":60},"end":{"line":54,"column":9}},"line":51},"16":{"name":"(anonymous_16)","decl":{"start":{"line":56,"column":4},"end":{"line":56,"column":5}},"loc":{"start":{"line":56,"column":24},"end":{"line":66,"column":5}},"line":56},"17":{"name":"(anonymous_17)","decl":{"start":{"line":57,"column":47},"end":{"line":57,"column":48}},"loc":{"start":{"line":57,"column":60},"end":{"line":65,"column":9}},"line":57},"18":{"name":"(anonymous_18)","decl":{"start":{"line":67,"column":4},"end":{"line":67,"column":5}},"loc":{"start":{"line":67,"column":36},"end":{"line":77,"column":5}},"line":67},"19":{"name":"(anonymous_19)","decl":{"start":{"line":68,"column":47},"end":{"line":68,"column":48}},"loc":{"start":{"line":68,"column":60},"end":{"line":76,"column":9}},"line":68},"20":{"name":"(anonymous_20)","decl":{"start":{"line":78,"column":4},"end":{"line":78,"column":5}},"loc":{"start":{"line":78,"column":22},"end":{"line":84,"column":5}},"line":78},"21":{"name":"(anonymous_21)","decl":{"start":{"line":79,"column":47},"end":{"line":79,"column":48}},"loc":{"start":{"line":79,"column":60},"end":{"line":83,"column":9}},"line":79}},"branchMap":{"0":{"loc":{"start":{"line":2,"column":16},"end":{"line":10,"column":1}},"type":"binary-expr","locations":[{"start":{"line":2,"column":17},"end":{"line":2,"column":21}},{"start":{"line":2,"column":25},"end":{"line":2,"column":39}},{"start":{"line":2,"column":44},"end":{"line":10,"column":1}}],"line":2},"1":{"loc":{"start":{"line":3,"column":35},"end":{"line":3,"column":109}},"type":"cond-expr","locations":[{"start":{"line":3,"column":56},"end":{"line":3,"column":61}},{"start":{"line":3,"column":64},"end":{"line":3,"column":109}}],"line":3},"2":{"loc":{"start":{"line":4,"column":16},"end":{"line":4,"column":34}},"type":"binary-expr","locations":[{"start":{"line":4,"column":16},"end":{"line":4,"column":17}},{"start":{"line":4,"column":22},"end":{"line":4,"column":33}}],"line":4},"3":{"loc":{"start":{"line":7,"column":32},"end":{"line":7,"column":115}},"type":"cond-expr","locations":[{"start":{"line":7,"column":46},"end":{"line":7,"column":67}},{"start":{"line":7,"column":70},"end":{"line":7,"column":115}}],"line":7},"4":{"loc":{"start":{"line":8,"column":51},"end":{"line":8,"column":67}},"type":"binary-expr","locations":[{"start":{"line":8,"column":51},"end":{"line":8,"column":61}},{"start":{"line":8,"column":65},"end":{"line":8,"column":67}}],"line":8},"5":{"loc":{"start":{"line":11,"column":22},"end":{"line":13,"column":1}},"type":"binary-expr","locations":[{"start":{"line":11,"column":23},"end":{"line":11,"column":27}},{"start":{"line":11,"column":31},"end":{"line":11,"column":51}},{"start":{"line":11,"column":56},"end":{"line":13,"column":1}}],"line":11},"6":{"loc":{"start":{"line":12,"column":11},"end":{"line":12,"column":61}},"type":"cond-expr","locations":[{"start":{"line":12,"column":37},"end":{"line":12,"column":40}},{"start":{"line":12,"column":43},"end":{"line":12,"column":61}}],"line":12},"7":{"loc":{"start":{"line":12,"column":12},"end":{"line":12,"column":33}},"type":"binary-expr","locations":[{"start":{"line":12,"column":12},"end":{"line":12,"column":15}},{"start":{"line":12,"column":19},"end":{"line":12,"column":33}}],"line":12}},"s":{"0":1,"1":56,"2":10,"3":34,"4":33,"5":33,"6":0,"7":23,"8":23,"9":23,"10":67,"11":34,"12":1,"13":5,"14":1,"15":1,"16":1,"17":1,"18":1,"19":1,"20":6,"21":6,"22":6,"23":2,"24":2,"25":2,"26":3,"27":3,"28":1,"29":1,"30":1,"31":3,"32":3,"33":1,"34":1,"35":1,"36":1,"37":7,"38":7,"39":2,"40":7,"41":7,"42":3,"43":3,"44":3,"45":4,"46":4,"47":2,"48":1,"49":1,"50":1,"51":1,"52":1,"53":4,"54":4,"55":1,"56":1,"57":1},"f":{"0":34,"1":56,"2":10,"3":34,"4":33,"5":23,"6":67,"7":5,"8":6,"9":6,"10":3,"11":3,"12":3,"13":3,"14":7,"15":7,"16":7,"17":7,"18":4,"19":4,"20":4,"21":4},"b":{"0":[1,1,1],"1":[46,10],"2":[34,34],"3":[11,56],"4":[34,34],"5":[1,1,1],"6":[5,0],"7":[5,5]},"inputSourceMap":{"version":3,"file":"/app/src/entities/recipe/control.ts","sources":["/app/src/entities/recipe/control.ts"],"names":[],"mappings":";;;;;;;;;;;;;;AACA,gFAAwD;AACxD,oEAAoD;AACpD,6EAAwE;AAExE,oDAAkC;AAClC,0DAAwC;AAExC,MAAM,aAAa;IACJ,MAAM,CAAC,IAAY;;YAC9B,MAAM,EAAE,UAAU,EAAE,GAAG,IAAI,CAAC;YAC5B,MAAM,kBAAc,CAAC,MAAM,CAAC,IAAI,CAAC,CAAC;YAClC,MAAM,MAAM,GAAW,MAAM,eAAW,CAAC,MAAM,CAAC,IAAI,CAAC,CAAC;YACtD,MAAM,iBAA0B,CAAC,iBAAiB,CAAC,UAAU,CAAC,CAAC;YAC/D,OAAO,MAAM,CAAC;QAChB,CAAC;KAAA;IAEY,MAAM,CAAE,GAAQ;;YAC3B,MAAM,kBAAc,CAAC,OAAO,CAAC,EAAE,GAAG,EAAE,CAAC,CAAC;YACtC,MAAM,MAAM,GAAW,MAAM,eAAW,CAAC,MAAM,CAAC,GAAG,CAAC,CAAC;YACrD,MAAM,iBAA0B,CAAC,iBAAiB,CAAC,MAAM,CAAC,UAAU,CAAC,CAAC;YACtE,OAAO,MAAM,CAAC;QAChB,CAAC;KAAA;IAEY,aAAa,CAAE,GAAQ,EAAE,IAAY,EAAE,KAAa;;YAC/D,MAAM,kBAAgB,CAAC,OAAO,CAAC,EAAE,GAAG,EAAE,CAAC,CAAC;YACxC,MAAM,KAAK,GAAW,MAAM,eAAW,CAAC,kBAAkB,CAAC,GAAG,CAAC,CAAC;YAChE,MAAM,wBAAc,CAAC,QAAQ,CAAC,EAAE,IAAI,EAAE,KAAK,EAAE,CAAC,CAAC;YAC/C,MAAM,QAAQ,GAAa,MAAM,eAAW,CAAC,aAAa,CAAC,GAAG,EAAE,CAAC,IAAI,EAAE,CAAC,KAAK,CAAC,CAAC;YAC/E,OAAO;gBACL,QAAQ;gBACR,KAAK,EAAE,KAAK;aACb,CAAC;QACJ,CAAC;KAAA;IAEY,OAAO,CAAE,GAAQ;;YAC5B,MAAM,kBAAc,CAAC,OAAO,CAAC,EAAE,GAAG,EAAE,CAAC,CAAC;YACtC,OAAO,eAAW,CAAC,OAAO,CAAC,GAAG,CAAC,CAAC;QAClC,CAAC;KAAA;IAEY,MAAM,CAAC,IAAY,EAAE,KAAa;;YAC7C,MAAM,wBAAc,CAAC,QAAQ,CAAC,EAAE,IAAI,EAAE,KAAK,EAAE,CAAC,CAAC;YAC/C,MAAM,KAAK,GAAW,MAAM,eAAW,CAAC,cAAc,EAAE,CAAC;YACzD,MAAM,QAAQ,GAAa,MAAM,eAAW,CAAC,cAAc,CAAC,CAAC,IAAI,EAAE,CAAC,KAAK,CAAC,CAAC;YAC3E,OAAO;gBACL,QAAQ;gBACR,KAAK,EAAE,KAAK;aACb,CAAC;QACJ,CAAC;KAAA;IAEY,cAAc,CAAE,GAAQ,EAAE,UAAe;;YACpD,MAAM,kBAAc,CAAC,OAAO,CAAC,EAAE,GAAG,EAAE,CAAC,CAAC;YACtC,MAAM,kBAAgB,CAAC,OAAO,CAAC,EAAE,GAAG,EAAE,UAAU,EAAE,CAAC,CAAC;YACpD,MAAM,SAAS,GAAW,MAAM,eAAW,CAAC,OAAO,CAAC,GAAG,CAAC,CAAC;YACzD,MAAM,MAAM,GAAW,MAAM,eAAW,CAAC,cAAc,CAAC,UAAU,EAAE,GAAG,CAAE,CAAC;YAC1E,MAAM,iBAA0B,CAAC,iBAAiB,CAAC,SAAS,CAAC,UAAU,CAAC,CAAC;YACzE,MAAM,iBAA0B,CAAC,iBAAiB,CAAC,MAAM,CAAC,UAAU,CAAC,CAAC;YACtE,OAAO,MAAM,CAAC;QAChB,CAAC;KAAA;IAEY,MAAM,CAAC,GAAQ,EAAE,IAAY;;YACxC,MAAM,kBAAc,CAAC,OAAO,CAAC,GAAG,CAAC,CAAC;YAClC,MAAM,kBAAc,CAAC,MAAM,CAAC,IAAI,CAAC,CAAC;YAClC,OAAQ,eAAW,CAAC,MAAM,CAAC,GAAG,EAAE,IAAI,CAAC,CAAC;QACxC,CAAC;KAAA;CAEF;AAED,kBAAe,IAAI,aAAa,EAAE,CAAC","sourcesContent":["import { Mid } from '../../utils/commonIterface';\nimport CommonValidate from '../../utils/CommonValidate';\nimport CategoryValidate from '../category/validate';\nimport CategorySegregationControl from '../categorySegregation/control';\nimport { Recipe, RecipeCount } from './interface';\nimport RecipeModel from './model';\nimport RecipeValidate from './validate';\n\nclass RecipeControl {\n  public async create(body: Recipe): Promise<Recipe> {\n    const { categoryId } = body;\n    await RecipeValidate.create(body);\n    const recipe: Recipe = await RecipeModel.create(body);\n    await CategorySegregationControl.updateCountRecipe(categoryId);\n    return recipe;\n  }\n\n  public async delete( _id: Mid ): Promise<Recipe> {\n    await RecipeValidate.checkId({ _id });\n    const recipe: Recipe = await RecipeModel.delete(_id);\n    await CategorySegregationControl.updateCountRecipe(recipe.categoryId);\n    return recipe;\n  }\n\n  public async getByCategory( _id: Mid, page: number, limit: number  ): Promise<RecipeCount> {\n    await CategoryValidate.checkId({ _id });\n    const count: number = await RecipeModel.getCountByCategory(_id);\n    await CommonValidate.paginate({ page, limit });\n    const entities: Recipe[] = await RecipeModel.getByCategory(_id, +page, +limit);\n    return {\n      entities,\n      total: count,\n    };\n  }\n\n  public async getById( _id: Mid ): Promise<Recipe> {\n    await RecipeValidate.checkId({ _id });\n    return RecipeModel.getById(_id);\n  }\n\n  public async getAll(page: number, limit: number): Promise<RecipeCount> {\n    await CommonValidate.paginate({ page, limit });\n    const count: number = await RecipeModel.getCountEntity();\n    const entities: Recipe[] = await RecipeModel.getAllOfEntity(+page, +limit);\n    return {\n      entities,\n      total: count,\n    };\n  }\n\n  public async updateCategory( _id: Mid, categoryId: Mid ): Promise<Recipe> {\n    await RecipeValidate.checkId({ _id });\n    await CategoryValidate.checkId({ _id: categoryId });\n    const oldRecipe: Recipe = await RecipeModel.getById(_id);\n    const recipe: Recipe = await RecipeModel.updateCategory(categoryId, _id );\n    await CategorySegregationControl.updateCountRecipe(oldRecipe.categoryId);\n    await CategorySegregationControl.updateCountRecipe(recipe.categoryId);\n    return recipe;\n  }\n\n  public async update(_id: Mid, body: Recipe ): Promise<Recipe> {\n    await RecipeValidate.checkId(_id);\n    await RecipeValidate.update(body);\n    return  RecipeModel.update(_id, body);\n  }\n\n}\n\nexport default new RecipeControl();\n"]},"_coverageSchema":"1a1c01bbd47fc00a2c39e90264f33305004495a9","hash":"b01a9561ea4fd357fcd9e4c52a7828852eb05cca","contentHash":"66699a271a740d32465b4ae9744d319d54ad180753a6b6abda4b6db952b687b9"},"/app/src/entities/recipe/validate.ts":{"path":"/app/src/entities/recipe/validate.ts","statementMap":{"0":{"start":{"line":2,"column":22},"end":{"line":4,"column":1}},"1":{"start":{"line":3,"column":4},"end":{"line":3,"column":62}},"2":{"start":{"line":5,"column":0},"end":{"line":5,"column":62}},"3":{"start":{"line":6,"column":20},"end":{"line":6,"column":73}},"4":{"start":{"line":9,"column":8},"end":{"line":13,"column":10}},"5":{"start":{"line":14,"column":8},"end":{"line":17,"column":10}},"6":{"start":{"line":18,"column":8},"end":{"line":20,"column":10}},"7":{"start":{"line":23,"column":8},"end":{"line":23,"column":55}},"8":{"start":{"line":26,"column":8},"end":{"line":26,"column":54}},"9":{"start":{"line":29,"column":8},"end":{"line":29,"column":60}},"10":{"start":{"line":32,"column":0},"end":{"line":32,"column":39}}},"fnMap":{"0":{"name":"(anonymous_0)","decl":{"start":{"line":2,"column":56},"end":{"line":2,"column":57}},"loc":{"start":{"line":2,"column":71},"end":{"line":4,"column":1}},"line":2},"1":{"name":"(anonymous_1)","decl":{"start":{"line":8,"column":4},"end":{"line":8,"column":5}},"loc":{"start":{"line":8,"column":18},"end":{"line":21,"column":5}},"line":8},"2":{"name":"(anonymous_2)","decl":{"start":{"line":22,"column":4},"end":{"line":22,"column":5}},"loc":{"start":{"line":22,"column":18},"end":{"line":24,"column":5}},"line":22},"3":{"name":"(anonymous_3)","decl":{"start":{"line":25,"column":4},"end":{"line":25,"column":5}},"loc":{"start":{"line":25,"column":16},"end":{"line":27,"column":5}},"line":25},"4":{"name":"(anonymous_4)","decl":{"start":{"line":28,"column":4},"end":{"line":28,"column":5}},"loc":{"start":{"line":28,"column":17},"end":{"line":30,"column":5}},"line":28}},"branchMap":{"0":{"loc":{"start":{"line":2,"column":22},"end":{"line":4,"column":1}},"type":"binary-expr","locations":[{"start":{"line":2,"column":23},"end":{"line":2,"column":27}},{"start":{"line":2,"column":31},"end":{"line":2,"column":51}},{"start":{"line":2,"column":56},"end":{"line":4,"column":1}}],"line":2},"1":{"loc":{"start":{"line":3,"column":11},"end":{"line":3,"column":61}},"type":"cond-expr","locations":[{"start":{"line":3,"column":37},"end":{"line":3,"column":40}},{"start":{"line":3,"column":43},"end":{"line":3,"column":61}}],"line":3},"2":{"loc":{"start":{"line":3,"column":12},"end":{"line":3,"column":33}},"type":"binary-expr","locations":[{"start":{"line":3,"column":12},"end":{"line":3,"column":15}},{"start":{"line":3,"column":19},"end":{"line":3,"column":33}}],"line":3}},"s":{"0":1,"1":1,"2":1,"3":1,"4":1,"5":1,"6":1,"7":6,"8":18,"9":1,"10":1},"f":{"0":1,"1":1,"2":6,"3":18,"4":1},"b":{"0":[1,1,1],"1":[1,0],"2":[1,1]},"inputSourceMap":{"version":3,"file":"/app/src/entities/recipe/validate.ts","sources":["/app/src/entities/recipe/validate.ts"],"names":[],"mappings":";;;;;AAAA,0EAAkD;AAGlD,MAAM,cAAc;IAApB;QACS,WAAM,GAAG;YACd,UAAU,EAAE,8CAA8C;YAC1D,WAAW,EAAE,iBAAiB;YAC9B,KAAK,EAAE,iBAAiB;SACzB,CAAC;QAEK,iBAAY,GAAG;YACpB,WAAW,EAAE,QAAQ;YACrB,KAAK,EAAE,QAAQ;SAChB,CAAC;QAEK,aAAQ,GAAG;YAChB,GAAG,EAAE,4BAA4B;SAClC,CAAC;IAaJ,CAAC;IAXQ,MAAM,CAAC,KAAa;QACzB,OAAO,mBAAS,CAAC,KAAK,EAAE,IAAI,CAAC,MAAM,CAAC,CAAC;IACvC,CAAC;IAEM,OAAO,CAAI,EAAK;QACrB,OAAO,mBAAS,CAAC,EAAE,EAAE,IAAI,CAAC,QAAQ,CAAC,CAAC;IACtC,CAAC;IAEM,MAAM,CAAC,IAAY;QACxB,OAAO,mBAAS,CAAC,IAAI,EAAE,IAAI,CAAC,YAAY,CAAC,CAAC;IAC5C,CAAC;CACF;AAED,kBAAe,IAAI,cAAc,EAAE,CAAC","sourcesContent":["import validator from '../../component/Validator';\nimport { Recipe } from './interface';\n\nclass RecipeValidate {\n  public recipe = {\n    categoryId: 'required|mongoId_valid|string|category_exist',\n    description: 'required|string',\n    title: 'required|string',\n  };\n\n  public updateSchema = {\n    description: 'string',\n    title: 'string',\n  };\n\n  public idSchema = {\n    _id: 'mongoId_valid|recipe_exist',\n  };\n\n  public create(value: Recipe): Promise<void> {\n    return validator(value, this.recipe);\n  }\n\n  public checkId<T>(id: T): Promise<void> {\n    return validator(id, this.idSchema);\n  }\n\n  public update(body: Recipe): Promise<void> {\n    return validator(body, this.updateSchema);\n  }\n}\n\nexport default new RecipeValidate();\n"]},"_coverageSchema":"1a1c01bbd47fc00a2c39e90264f33305004495a9","hash":"935f936302e8ff2092188005c212316ccef15d6a","contentHash":"842ccaab61b0f0aa3c54289e99710aac04bd604051ce8be7df597e05bf7168b5"}}